2026-01-25 09:41:16 - dubsmart.modules.transcription - INFO - Initializing Whisper model: base on cpu
2026-01-25 09:41:18 - dubsmart.modules.translation - INFO - Translator initialized with method: m2m100
2026-01-25 09:41:18 - dubsmart.modules.cloning - INFO - Loading Coqui XTTS-v2 model...
2026-01-25 10:00:17 - dubsmart.modules.transcription - INFO - Initializing Whisper model: base on cpu
2026-01-25 10:00:19 - dubsmart.modules.translation - INFO - Translator initialized with method: m2m100
2026-01-25 10:00:19 - dubsmart.core.pipeline - INFO - Starting pipeline for test_audio/English.wav
2026-01-25 10:00:19 - dubsmart.modules.transcription - INFO - Transcribing audio: test_audio/English.wav
2026-01-25 10:02:07 - dubsmart.modules.transcription - INFO - Detected language: en
2026-01-25 10:02:07 - dubsmart.modules.diarization - INFO - Diarizing audio: test_audio/English.wav
2026-01-25 10:02:07 - dubsmart.modules.translation - INFO - Translating 14 segments from en to hi
2026-01-25 13:38:45 - dubsmart.main - ERROR - Pipeline failed: name 'torch' is not defined
2026-01-25 13:39:51 - dubsmart.modules.transcription - INFO - Initializing Whisper model: base on cpu
2026-01-25 13:41:20 - dubsmart.modules.translation - INFO - Translator initialized with method: m2m100
2026-01-25 13:41:20 - dubsmart.core.pipeline - INFO - Starting pipeline for test_audio/English.wav
2026-01-25 13:41:20 - dubsmart.modules.transcription - INFO - Transcribing audio: test_audio/English.wav
2026-01-25 13:41:33 - dubsmart.modules.transcription - INFO - Detected language: en
2026-01-25 13:41:33 - dubsmart.modules.diarization - INFO - Diarizing audio: test_audio/English.wav
2026-01-25 13:41:33 - dubsmart.modules.translation - INFO - Translating 14 segments from en to hi
2026-01-25 13:42:53 - dubsmart.modules.translation - INFO - Translated 10/14 segments
2026-01-25 13:46:57 - dubsmart.modules.cloning - INFO - Loading Coqui XTTS-v2 model (Lazy Load)...
2026-01-25 13:47:11 - dubsmart.modules.cloning - ERROR - Failed to load Coqui model: cannot import name 'BeamSearchScorer' from 'transformers' (c:\Users\svrao\Downloads\Dubsmart  - ai\.venv\Lib\site-packages\transformers\__init__.py)
2026-01-25 13:47:11 - dubsmart.modules.cloning - INFO - Loading Coqui XTTS-v2 model (Lazy Load)...
2026-01-25 13:47:12 - dubsmart.modules.cloning - ERROR - Failed to load Coqui model: cannot import name 'BeamSearchScorer' from 'transformers' (c:\Users\svrao\Downloads\Dubsmart  - ai\.venv\Lib\site-packages\transformers\__init__.py)
2026-01-25 13:47:12 - dubsmart.modules.cloning - INFO - Loading Coqui XTTS-v2 model (Lazy Load)...
2026-01-25 13:47:13 - dubsmart.modules.cloning - ERROR - Failed to load Coqui model: cannot import name 'BeamSearchScorer' from 'transformers' (c:\Users\svrao\Downloads\Dubsmart  - ai\.venv\Lib\site-packages\transformers\__init__.py)
2026-01-25 13:47:13 - dubsmart.modules.cloning - INFO - Loading Coqui XTTS-v2 model (Lazy Load)...
2026-01-25 13:47:14 - dubsmart.modules.cloning - ERROR - Failed to load Coqui model: cannot import name 'BeamSearchScorer' from 'transformers' (c:\Users\svrao\Downloads\Dubsmart  - ai\.venv\Lib\site-packages\transformers\__init__.py)
2026-01-25 13:47:14 - dubsmart.modules.cloning - INFO - Loading Coqui XTTS-v2 model (Lazy Load)...
2026-01-25 13:47:14 - dubsmart.modules.cloning - ERROR - Failed to load Coqui model: cannot import name 'BeamSearchScorer' from 'transformers' (c:\Users\svrao\Downloads\Dubsmart  - ai\.venv\Lib\site-packages\transformers\__init__.py)
2026-01-25 13:47:14 - dubsmart.modules.cloning - INFO - Loading Coqui XTTS-v2 model (Lazy Load)...
2026-01-25 13:47:15 - dubsmart.modules.cloning - ERROR - Failed to load Coqui model: cannot import name 'BeamSearchScorer' from 'transformers' (c:\Users\svrao\Downloads\Dubsmart  - ai\.venv\Lib\site-packages\transformers\__init__.py)
2026-01-25 13:47:15 - dubsmart.modules.cloning - INFO - Loading Coqui XTTS-v2 model (Lazy Load)...
2026-01-25 13:47:16 - dubsmart.modules.cloning - ERROR - Failed to load Coqui model: cannot import name 'BeamSearchScorer' from 'transformers' (c:\Users\svrao\Downloads\Dubsmart  - ai\.venv\Lib\site-packages\transformers\__init__.py)
2026-01-25 13:47:16 - dubsmart.modules.cloning - INFO - Loading Coqui XTTS-v2 model (Lazy Load)...
2026-01-25 13:47:17 - dubsmart.modules.cloning - ERROR - Failed to load Coqui model: cannot import name 'BeamSearchScorer' from 'transformers' (c:\Users\svrao\Downloads\Dubsmart  - ai\.venv\Lib\site-packages\transformers\__init__.py)
2026-01-25 13:47:17 - dubsmart.modules.cloning - INFO - Loading Coqui XTTS-v2 model (Lazy Load)...
2026-01-25 13:47:17 - dubsmart.modules.cloning - ERROR - Failed to load Coqui model: cannot import name 'BeamSearchScorer' from 'transformers' (c:\Users\svrao\Downloads\Dubsmart  - ai\.venv\Lib\site-packages\transformers\__init__.py)
2026-01-25 13:47:17 - dubsmart.modules.cloning - INFO - Loading Coqui XTTS-v2 model (Lazy Load)...
2026-01-25 13:47:18 - dubsmart.modules.cloning - ERROR - Failed to load Coqui model: cannot import name 'BeamSearchScorer' from 'transformers' (c:\Users\svrao\Downloads\Dubsmart  - ai\.venv\Lib\site-packages\transformers\__init__.py)
2026-01-25 13:47:18 - dubsmart.modules.cloning - INFO - Loading Coqui XTTS-v2 model (Lazy Load)...
2026-01-25 13:47:19 - dubsmart.modules.cloning - ERROR - Failed to load Coqui model: cannot import name 'BeamSearchScorer' from 'transformers' (c:\Users\svrao\Downloads\Dubsmart  - ai\.venv\Lib\site-packages\transformers\__init__.py)
2026-01-25 13:47:19 - dubsmart.modules.cloning - INFO - Loading Coqui XTTS-v2 model (Lazy Load)...
2026-01-25 13:47:20 - dubsmart.modules.cloning - ERROR - Failed to load Coqui model: cannot import name 'BeamSearchScorer' from 'transformers' (c:\Users\svrao\Downloads\Dubsmart  - ai\.venv\Lib\site-packages\transformers\__init__.py)
2026-01-25 13:47:20 - dubsmart.modules.cloning - INFO - Loading Coqui XTTS-v2 model (Lazy Load)...
2026-01-25 13:47:21 - dubsmart.modules.cloning - ERROR - Failed to load Coqui model: cannot import name 'BeamSearchScorer' from 'transformers' (c:\Users\svrao\Downloads\Dubsmart  - ai\.venv\Lib\site-packages\transformers\__init__.py)
2026-01-25 13:47:21 - dubsmart.modules.cloning - INFO - Loading Coqui XTTS-v2 model (Lazy Load)...
2026-01-25 13:47:21 - dubsmart.modules.cloning - ERROR - Failed to load Coqui model: cannot import name 'BeamSearchScorer' from 'transformers' (c:\Users\svrao\Downloads\Dubsmart  - ai\.venv\Lib\site-packages\transformers\__init__.py)
2026-01-25 13:47:21 - dubsmart.processor.mixer - INFO - Mixed audio saved to: output/dubbed_hi.wav
2026-01-25 13:47:21 - dubsmart.main - INFO - Dubbing successful! Result: output/dubbed_hi.wav
2026-01-25 13:51:13 - dubsmart.modules.transcription - INFO - Initializing Whisper model: base on cpu
2026-01-25 13:51:57 - dubsmart.modules.transcription - INFO - Initializing Whisper model: base on cpu
2026-01-25 13:53:28 - dubsmart.modules.translation - INFO - Translator initialized with method: m2m100
2026-01-25 13:53:28 - dubsmart.core.pipeline - INFO - Starting pipeline for test_audio/English.wav
2026-01-25 13:53:28 - dubsmart.modules.transcription - INFO - Transcribing audio: test_audio/English.wav
2026-01-25 13:53:43 - dubsmart.modules.transcription - INFO - Detected language: en
2026-01-25 13:53:43 - dubsmart.modules.diarization - INFO - Diarizing audio: test_audio/English.wav
2026-01-25 13:53:43 - dubsmart.modules.translation - INFO - Translating 14 segments from en to hi
2026-01-25 14:03:09 - dubsmart.modules.transcription - INFO - Initializing Whisper model: base on cpu
2026-01-25 14:04:19 - dubsmart.modules.transcription - INFO - Initializing Whisper model: base on cpu
2026-01-25 14:06:04 - dubsmart.modules.translation - INFO - Translator initialized with method: m2m100
2026-01-25 14:06:04 - dubsmart.core.pipeline - INFO - Starting pipeline for test_audio/English.wav
2026-01-25 14:06:04 - dubsmart.modules.transcription - INFO - Transcribing audio: test_audio/English.wav
2026-01-25 14:06:19 - dubsmart.modules.transcription - INFO - Detected language: en
2026-01-25 14:06:19 - dubsmart.modules.diarization - INFO - Diarizing audio: test_audio/English.wav
2026-01-25 14:06:19 - dubsmart.modules.translation - INFO - Translating 14 segments from en to hi
2026-01-25 14:16:26 - dubsmart.modules.transcription - INFO - Initializing Whisper model: base on cpu
2026-01-25 14:19:24 - dubsmart.modules.translation - INFO - Translator initialized with method: m2m100
2026-01-25 14:19:25 - dubsmart.core.pipeline - INFO - Starting pipeline for test_audio/English.wav
2026-01-25 14:19:25 - dubsmart.modules.transcription - INFO - Transcribing audio: test_audio/English.wav
2026-01-25 14:21:21 - dubsmart.modules.transcription - INFO - Detected language: en
2026-01-25 14:21:21 - dubsmart.modules.diarization - INFO - Diarizing audio: test_audio/English.wav
2026-01-25 14:21:21 - dubsmart.modules.translation - INFO - Translating 14 segments from en to hi
2026-01-25 14:31:11 - dubsmart.modules.translation - INFO - Translated 10/14 segments
2026-01-25 14:38:41 - dubsmart.modules.cloning - INFO - Loading Coqui XTTS-v2 model (Lazy Load)...
2026-01-25 14:38:48 - dubsmart.modules.cloning - ERROR - Failed to load Coqui model: cannot import name 'BeamSearchScorer' from 'transformers' (c:\Users\svrao\Downloads\Dubsmart  - ai\.venv\Lib\site-packages\transformers\__init__.py)
2026-01-25 14:38:48 - dubsmart.modules.cloning - INFO - Loading Coqui XTTS-v2 model (Lazy Load)...
2026-01-25 14:38:49 - dubsmart.modules.cloning - ERROR - Failed to load Coqui model: cannot import name 'BeamSearchScorer' from 'transformers' (c:\Users\svrao\Downloads\Dubsmart  - ai\.venv\Lib\site-packages\transformers\__init__.py)
2026-01-25 14:38:49 - dubsmart.modules.cloning - INFO - Loading Coqui XTTS-v2 model (Lazy Load)...
2026-01-25 14:38:49 - dubsmart.modules.cloning - ERROR - Failed to load Coqui model: cannot import name 'BeamSearchScorer' from 'transformers' (c:\Users\svrao\Downloads\Dubsmart  - ai\.venv\Lib\site-packages\transformers\__init__.py)
2026-01-25 14:38:49 - dubsmart.modules.cloning - INFO - Loading Coqui XTTS-v2 model (Lazy Load)...
2026-01-25 14:38:50 - dubsmart.modules.cloning - ERROR - Failed to load Coqui model: cannot import name 'BeamSearchScorer' from 'transformers' (c:\Users\svrao\Downloads\Dubsmart  - ai\.venv\Lib\site-packages\transformers\__init__.py)
2026-01-25 14:38:50 - dubsmart.modules.cloning - INFO - Loading Coqui XTTS-v2 model (Lazy Load)...
2026-01-25 14:38:51 - dubsmart.modules.cloning - ERROR - Failed to load Coqui model: cannot import name 'BeamSearchScorer' from 'transformers' (c:\Users\svrao\Downloads\Dubsmart  - ai\.venv\Lib\site-packages\transformers\__init__.py)
2026-01-25 14:38:51 - dubsmart.modules.cloning - INFO - Loading Coqui XTTS-v2 model (Lazy Load)...
2026-01-25 14:38:51 - dubsmart.modules.cloning - ERROR - Failed to load Coqui model: cannot import name 'BeamSearchScorer' from 'transformers' (c:\Users\svrao\Downloads\Dubsmart  - ai\.venv\Lib\site-packages\transformers\__init__.py)
2026-01-25 14:38:51 - dubsmart.modules.cloning - INFO - Loading Coqui XTTS-v2 model (Lazy Load)...
2026-01-25 14:38:52 - dubsmart.modules.cloning - ERROR - Failed to load Coqui model: cannot import name 'BeamSearchScorer' from 'transformers' (c:\Users\svrao\Downloads\Dubsmart  - ai\.venv\Lib\site-packages\transformers\__init__.py)
2026-01-25 14:38:52 - dubsmart.modules.cloning - INFO - Loading Coqui XTTS-v2 model (Lazy Load)...
2026-01-25 14:38:53 - dubsmart.modules.cloning - ERROR - Failed to load Coqui model: cannot import name 'BeamSearchScorer' from 'transformers' (c:\Users\svrao\Downloads\Dubsmart  - ai\.venv\Lib\site-packages\transformers\__init__.py)
2026-01-25 14:38:53 - dubsmart.modules.cloning - INFO - Loading Coqui XTTS-v2 model (Lazy Load)...
2026-01-25 14:38:53 - dubsmart.modules.cloning - ERROR - Failed to load Coqui model: cannot import name 'BeamSearchScorer' from 'transformers' (c:\Users\svrao\Downloads\Dubsmart  - ai\.venv\Lib\site-packages\transformers\__init__.py)
2026-01-25 14:38:53 - dubsmart.modules.cloning - INFO - Loading Coqui XTTS-v2 model (Lazy Load)...
2026-01-25 14:38:54 - dubsmart.modules.cloning - ERROR - Failed to load Coqui model: cannot import name 'BeamSearchScorer' from 'transformers' (c:\Users\svrao\Downloads\Dubsmart  - ai\.venv\Lib\site-packages\transformers\__init__.py)
2026-01-25 14:38:54 - dubsmart.modules.cloning - INFO - Loading Coqui XTTS-v2 model (Lazy Load)...
2026-01-25 14:38:55 - dubsmart.modules.cloning - ERROR - Failed to load Coqui model: cannot import name 'BeamSearchScorer' from 'transformers' (c:\Users\svrao\Downloads\Dubsmart  - ai\.venv\Lib\site-packages\transformers\__init__.py)
2026-01-25 14:38:55 - dubsmart.modules.cloning - INFO - Loading Coqui XTTS-v2 model (Lazy Load)...
2026-01-25 14:38:55 - dubsmart.modules.cloning - ERROR - Failed to load Coqui model: cannot import name 'BeamSearchScorer' from 'transformers' (c:\Users\svrao\Downloads\Dubsmart  - ai\.venv\Lib\site-packages\transformers\__init__.py)
2026-01-25 14:38:55 - dubsmart.modules.cloning - INFO - Loading Coqui XTTS-v2 model (Lazy Load)...
2026-01-25 14:38:56 - dubsmart.modules.cloning - ERROR - Failed to load Coqui model: cannot import name 'BeamSearchScorer' from 'transformers' (c:\Users\svrao\Downloads\Dubsmart  - ai\.venv\Lib\site-packages\transformers\__init__.py)
2026-01-25 14:38:56 - dubsmart.modules.cloning - INFO - Loading Coqui XTTS-v2 model (Lazy Load)...
2026-01-25 14:38:57 - dubsmart.modules.cloning - ERROR - Failed to load Coqui model: cannot import name 'BeamSearchScorer' from 'transformers' (c:\Users\svrao\Downloads\Dubsmart  - ai\.venv\Lib\site-packages\transformers\__init__.py)
2026-01-25 14:38:57 - dubsmart.processor.mixer - INFO - Mixed audio saved to: output/dubbed_hi.wav
2026-01-25 14:38:57 - dubsmart.main - INFO - Dubbing successful! Result: output/dubbed_hi.wav
2026-01-25 14:50:21 - dubsmart.modules.transcription - INFO - Initializing Whisper model: base on cpu
2026-01-25 14:50:33 - dubsmart.modules.translation - INFO - Translator initialized with method: m2m100
2026-01-25 14:50:33 - dubsmart.core.pipeline - INFO - Starting pipeline for test_audio/English.wav
2026-01-25 14:50:33 - dubsmart.modules.transcription - INFO - Transcribing audio: test_audio/English.wav
2026-01-25 14:50:48 - dubsmart.modules.transcription - INFO - Detected language: en
2026-01-25 14:50:48 - dubsmart.modules.diarization - INFO - Diarizing audio: test_audio/English.wav
2026-01-25 14:50:48 - dubsmart.modules.translation - INFO - Translating 14 segments from en to hi
2026-01-25 14:51:53 - dubsmart.modules.translation - INFO - Translated 10/14 segments
2026-01-25 14:52:27 - dubsmart.modules.cloning - INFO - Loading Coqui XTTS-v2 model (Lazy Load)...
2026-01-25 14:52:30 - dubsmart.modules.cloning - ERROR - Failed to load Coqui model: cannot import name 'BeamSearchScorer' from 'transformers' (c:\Users\svrao\Downloads\Dubsmart  - ai\.venv\Lib\site-packages\transformers\__init__.py)
2026-01-25 14:52:30 - dubsmart.modules.cloning - INFO - Loading Coqui XTTS-v2 model (Lazy Load)...
2026-01-25 14:52:30 - dubsmart.modules.cloning - ERROR - Failed to load Coqui model: cannot import name 'BeamSearchScorer' from 'transformers' (c:\Users\svrao\Downloads\Dubsmart  - ai\.venv\Lib\site-packages\transformers\__init__.py)
2026-01-25 14:52:30 - dubsmart.modules.cloning - INFO - Loading Coqui XTTS-v2 model (Lazy Load)...
2026-01-25 14:52:31 - dubsmart.modules.cloning - ERROR - Failed to load Coqui model: cannot import name 'BeamSearchScorer' from 'transformers' (c:\Users\svrao\Downloads\Dubsmart  - ai\.venv\Lib\site-packages\transformers\__init__.py)
2026-01-25 14:52:31 - dubsmart.modules.cloning - INFO - Loading Coqui XTTS-v2 model (Lazy Load)...
2026-01-25 14:52:32 - dubsmart.modules.cloning - ERROR - Failed to load Coqui model: cannot import name 'BeamSearchScorer' from 'transformers' (c:\Users\svrao\Downloads\Dubsmart  - ai\.venv\Lib\site-packages\transformers\__init__.py)
2026-01-25 14:52:32 - dubsmart.modules.cloning - INFO - Loading Coqui XTTS-v2 model (Lazy Load)...
2026-01-25 14:52:32 - dubsmart.modules.cloning - ERROR - Failed to load Coqui model: cannot import name 'BeamSearchScorer' from 'transformers' (c:\Users\svrao\Downloads\Dubsmart  - ai\.venv\Lib\site-packages\transformers\__init__.py)
2026-01-25 14:52:32 - dubsmart.modules.cloning - INFO - Loading Coqui XTTS-v2 model (Lazy Load)...
2026-01-25 14:52:33 - dubsmart.modules.cloning - ERROR - Failed to load Coqui model: cannot import name 'BeamSearchScorer' from 'transformers' (c:\Users\svrao\Downloads\Dubsmart  - ai\.venv\Lib\site-packages\transformers\__init__.py)
2026-01-25 14:52:33 - dubsmart.modules.cloning - INFO - Loading Coqui XTTS-v2 model (Lazy Load)...
2026-01-25 14:52:34 - dubsmart.modules.cloning - ERROR - Failed to load Coqui model: cannot import name 'BeamSearchScorer' from 'transformers' (c:\Users\svrao\Downloads\Dubsmart  - ai\.venv\Lib\site-packages\transformers\__init__.py)
2026-01-25 14:52:34 - dubsmart.modules.cloning - INFO - Loading Coqui XTTS-v2 model (Lazy Load)...
2026-01-25 14:52:35 - dubsmart.modules.cloning - ERROR - Failed to load Coqui model: cannot import name 'BeamSearchScorer' from 'transformers' (c:\Users\svrao\Downloads\Dubsmart  - ai\.venv\Lib\site-packages\transformers\__init__.py)
2026-01-25 14:52:35 - dubsmart.modules.cloning - INFO - Loading Coqui XTTS-v2 model (Lazy Load)...
2026-01-25 14:52:35 - dubsmart.modules.cloning - ERROR - Failed to load Coqui model: cannot import name 'BeamSearchScorer' from 'transformers' (c:\Users\svrao\Downloads\Dubsmart  - ai\.venv\Lib\site-packages\transformers\__init__.py)
2026-01-25 14:52:35 - dubsmart.modules.cloning - INFO - Loading Coqui XTTS-v2 model (Lazy Load)...
2026-01-25 14:52:36 - dubsmart.modules.cloning - ERROR - Failed to load Coqui model: cannot import name 'BeamSearchScorer' from 'transformers' (c:\Users\svrao\Downloads\Dubsmart  - ai\.venv\Lib\site-packages\transformers\__init__.py)
2026-01-25 14:52:36 - dubsmart.modules.cloning - INFO - Loading Coqui XTTS-v2 model (Lazy Load)...
2026-01-25 14:52:37 - dubsmart.modules.cloning - ERROR - Failed to load Coqui model: cannot import name 'BeamSearchScorer' from 'transformers' (c:\Users\svrao\Downloads\Dubsmart  - ai\.venv\Lib\site-packages\transformers\__init__.py)
2026-01-25 14:52:37 - dubsmart.modules.cloning - INFO - Loading Coqui XTTS-v2 model (Lazy Load)...
2026-01-25 14:52:37 - dubsmart.modules.cloning - ERROR - Failed to load Coqui model: cannot import name 'BeamSearchScorer' from 'transformers' (c:\Users\svrao\Downloads\Dubsmart  - ai\.venv\Lib\site-packages\transformers\__init__.py)
2026-01-25 14:52:37 - dubsmart.modules.cloning - INFO - Loading Coqui XTTS-v2 model (Lazy Load)...
2026-01-25 14:52:38 - dubsmart.modules.cloning - ERROR - Failed to load Coqui model: cannot import name 'BeamSearchScorer' from 'transformers' (c:\Users\svrao\Downloads\Dubsmart  - ai\.venv\Lib\site-packages\transformers\__init__.py)
2026-01-25 14:52:38 - dubsmart.modules.cloning - INFO - Loading Coqui XTTS-v2 model (Lazy Load)...
2026-01-25 14:52:39 - dubsmart.modules.cloning - ERROR - Failed to load Coqui model: cannot import name 'BeamSearchScorer' from 'transformers' (c:\Users\svrao\Downloads\Dubsmart  - ai\.venv\Lib\site-packages\transformers\__init__.py)
2026-01-25 14:52:39 - dubsmart.core.pipeline - ERROR - DUBBING FAILED: No segments were successfully synthesized. Check logs for model loading errors.
2026-01-25 14:52:39 - dubsmart.main - ERROR - Pipeline failed: Synthesis failed for all segments. Final output would be silent.
2026-01-25 14:56:55 - dubsmart.modules.transcription - INFO - Initializing Whisper model: base on cpu
2026-01-25 14:57:08 - dubsmart.modules.translation - INFO - Translator initialized with method: m2m100
2026-01-25 14:57:08 - dubsmart.core.pipeline - INFO - Starting pipeline for test_audio/English.wav
2026-01-25 14:57:08 - dubsmart.modules.transcription - INFO - Transcribing audio: test_audio/English.wav
2026-01-25 14:57:19 - dubsmart.modules.transcription - INFO - Detected language: en
2026-01-25 14:57:19 - dubsmart.modules.diarization - INFO - Diarizing audio: test_audio/English.wav
2026-01-25 14:57:19 - dubsmart.modules.translation - INFO - Translating 14 segments from en to hi
2026-01-25 14:58:22 - dubsmart.modules.translation - INFO - Translated 10/14 segments
2026-01-25 14:58:50 - dubsmart.modules.cloning - INFO - Loading Coqui XTTS-v2 model (Lazy Load)...
2026-01-25 14:58:51 - dubsmart.modules.cloning - ERROR - Failed to load Coqui model: cannot import name 'BeamSearchScorer' from 'transformers' (c:\Users\svrao\Downloads\Dubsmart  - ai\.venv\Lib\site-packages\transformers\__init__.py)
2026-01-25 14:58:51 - dubsmart.modules.cloning - INFO - Loading Coqui XTTS-v2 model (Lazy Load)...
2026-01-25 14:58:52 - dubsmart.modules.cloning - ERROR - Failed to load Coqui model: cannot import name 'BeamSearchScorer' from 'transformers' (c:\Users\svrao\Downloads\Dubsmart  - ai\.venv\Lib\site-packages\transformers\__init__.py)
2026-01-25 14:58:52 - dubsmart.modules.cloning - INFO - Loading Coqui XTTS-v2 model (Lazy Load)...
2026-01-25 14:58:53 - dubsmart.modules.cloning - ERROR - Failed to load Coqui model: cannot import name 'BeamSearchScorer' from 'transformers' (c:\Users\svrao\Downloads\Dubsmart  - ai\.venv\Lib\site-packages\transformers\__init__.py)
2026-01-25 14:58:53 - dubsmart.modules.cloning - INFO - Loading Coqui XTTS-v2 model (Lazy Load)...
2026-01-25 14:58:53 - dubsmart.modules.cloning - ERROR - Failed to load Coqui model: cannot import name 'BeamSearchScorer' from 'transformers' (c:\Users\svrao\Downloads\Dubsmart  - ai\.venv\Lib\site-packages\transformers\__init__.py)
2026-01-25 14:58:53 - dubsmart.modules.cloning - INFO - Loading Coqui XTTS-v2 model (Lazy Load)...
2026-01-25 14:58:54 - dubsmart.modules.cloning - ERROR - Failed to load Coqui model: cannot import name 'BeamSearchScorer' from 'transformers' (c:\Users\svrao\Downloads\Dubsmart  - ai\.venv\Lib\site-packages\transformers\__init__.py)
2026-01-25 14:58:54 - dubsmart.modules.cloning - INFO - Loading Coqui XTTS-v2 model (Lazy Load)...
2026-01-25 14:58:55 - dubsmart.modules.cloning - ERROR - Failed to load Coqui model: cannot import name 'BeamSearchScorer' from 'transformers' (c:\Users\svrao\Downloads\Dubsmart  - ai\.venv\Lib\site-packages\transformers\__init__.py)
2026-01-25 14:58:55 - dubsmart.modules.cloning - INFO - Loading Coqui XTTS-v2 model (Lazy Load)...
2026-01-25 14:58:56 - dubsmart.modules.cloning - ERROR - Failed to load Coqui model: cannot import name 'BeamSearchScorer' from 'transformers' (c:\Users\svrao\Downloads\Dubsmart  - ai\.venv\Lib\site-packages\transformers\__init__.py)
2026-01-25 14:58:56 - dubsmart.modules.cloning - INFO - Loading Coqui XTTS-v2 model (Lazy Load)...
2026-01-25 14:58:56 - dubsmart.modules.cloning - ERROR - Failed to load Coqui model: cannot import name 'BeamSearchScorer' from 'transformers' (c:\Users\svrao\Downloads\Dubsmart  - ai\.venv\Lib\site-packages\transformers\__init__.py)
2026-01-25 14:58:56 - dubsmart.modules.cloning - INFO - Loading Coqui XTTS-v2 model (Lazy Load)...
2026-01-25 14:58:57 - dubsmart.modules.cloning - ERROR - Failed to load Coqui model: cannot import name 'BeamSearchScorer' from 'transformers' (c:\Users\svrao\Downloads\Dubsmart  - ai\.venv\Lib\site-packages\transformers\__init__.py)
2026-01-25 14:58:57 - dubsmart.modules.cloning - INFO - Loading Coqui XTTS-v2 model (Lazy Load)...
2026-01-25 14:58:58 - dubsmart.modules.cloning - ERROR - Failed to load Coqui model: cannot import name 'BeamSearchScorer' from 'transformers' (c:\Users\svrao\Downloads\Dubsmart  - ai\.venv\Lib\site-packages\transformers\__init__.py)
2026-01-25 14:58:58 - dubsmart.modules.cloning - INFO - Loading Coqui XTTS-v2 model (Lazy Load)...
2026-01-25 14:58:59 - dubsmart.modules.cloning - ERROR - Failed to load Coqui model: cannot import name 'BeamSearchScorer' from 'transformers' (c:\Users\svrao\Downloads\Dubsmart  - ai\.venv\Lib\site-packages\transformers\__init__.py)
2026-01-25 14:58:59 - dubsmart.modules.cloning - INFO - Loading Coqui XTTS-v2 model (Lazy Load)...
2026-01-25 14:59:00 - dubsmart.modules.cloning - ERROR - Failed to load Coqui model: cannot import name 'BeamSearchScorer' from 'transformers' (c:\Users\svrao\Downloads\Dubsmart  - ai\.venv\Lib\site-packages\transformers\__init__.py)
2026-01-25 14:59:00 - dubsmart.modules.cloning - INFO - Loading Coqui XTTS-v2 model (Lazy Load)...
2026-01-25 14:59:01 - dubsmart.modules.cloning - ERROR - Failed to load Coqui model: cannot import name 'BeamSearchScorer' from 'transformers' (c:\Users\svrao\Downloads\Dubsmart  - ai\.venv\Lib\site-packages\transformers\__init__.py)
2026-01-25 14:59:01 - dubsmart.modules.cloning - INFO - Loading Coqui XTTS-v2 model (Lazy Load)...
2026-01-25 14:59:02 - dubsmart.modules.cloning - ERROR - Failed to load Coqui model: cannot import name 'BeamSearchScorer' from 'transformers' (c:\Users\svrao\Downloads\Dubsmart  - ai\.venv\Lib\site-packages\transformers\__init__.py)
2026-01-25 14:59:02 - dubsmart.core.pipeline - ERROR - DUBBING FAILED: No segments were successfully synthesized. Check logs for model loading errors.
2026-01-25 14:59:02 - dubsmart.main - ERROR - Pipeline failed: Synthesis failed for all segments. Final output would be silent.
2026-01-25 15:01:31 - dubsmart.modules.transcription - INFO - Initializing Whisper model: base on cpu
2026-01-25 15:01:43 - dubsmart.modules.translation - INFO - Translator initialized with method: m2m100
2026-01-25 15:01:43 - dubsmart.core.pipeline - INFO - Starting pipeline for test_audio/English.wav
2026-01-25 15:01:43 - dubsmart.modules.transcription - INFO - Transcribing audio: test_audio/English.wav
2026-01-25 15:01:52 - dubsmart.modules.transcription - INFO - Detected language: en
2026-01-25 15:01:52 - dubsmart.modules.diarization - INFO - Diarizing audio: test_audio/English.wav
2026-01-25 15:01:52 - dubsmart.modules.translation - INFO - Translating 14 segments from en to hi
2026-01-25 15:02:56 - dubsmart.modules.translation - INFO - Translated 10/14 segments
2026-01-25 15:06:39 - dubsmart.modules.cloning - INFO - Loading Coqui XTTS-v2 model (Lazy Load)...
2026-01-25 15:06:42 - dubsmart.modules.cloning - ERROR - Failed to load Coqui model: cannot import name 'BeamSearchScorer' from 'transformers' (c:\Users\svrao\Downloads\Dubsmart  - ai\.venv\Lib\site-packages\transformers\__init__.py)
2026-01-25 15:06:49 - dubsmart.modules.cloning - INFO - Using gTTS fallback...
2026-01-25 15:06:50 - dubsmart.modules.cloning - INFO - Loading Coqui XTTS-v2 model (Lazy Load)...
2026-01-25 15:06:51 - dubsmart.modules.cloning - ERROR - Failed to load Coqui model: cannot import name 'BeamSearchScorer' from 'transformers' (c:\Users\svrao\Downloads\Dubsmart  - ai\.venv\Lib\site-packages\transformers\__init__.py)
2026-01-25 15:06:51 - dubsmart.modules.cloning - INFO - Using gTTS fallback...
2026-01-25 15:06:51 - dubsmart.modules.cloning - INFO - Loading Coqui XTTS-v2 model (Lazy Load)...
2026-01-25 15:06:53 - dubsmart.modules.cloning - ERROR - Failed to load Coqui model: cannot import name 'BeamSearchScorer' from 'transformers' (c:\Users\svrao\Downloads\Dubsmart  - ai\.venv\Lib\site-packages\transformers\__init__.py)
2026-01-25 15:06:53 - dubsmart.modules.cloning - INFO - Using gTTS fallback...
2026-01-25 15:06:54 - dubsmart.modules.cloning - INFO - Loading Coqui XTTS-v2 model (Lazy Load)...
2026-01-25 15:06:54 - dubsmart.modules.cloning - ERROR - Failed to load Coqui model: cannot import name 'BeamSearchScorer' from 'transformers' (c:\Users\svrao\Downloads\Dubsmart  - ai\.venv\Lib\site-packages\transformers\__init__.py)
2026-01-25 15:06:54 - dubsmart.modules.cloning - INFO - Using gTTS fallback...
2026-01-25 15:06:55 - dubsmart.modules.cloning - INFO - Loading Coqui XTTS-v2 model (Lazy Load)...
2026-01-25 15:06:55 - dubsmart.modules.cloning - ERROR - Failed to load Coqui model: cannot import name 'BeamSearchScorer' from 'transformers' (c:\Users\svrao\Downloads\Dubsmart  - ai\.venv\Lib\site-packages\transformers\__init__.py)
2026-01-25 15:06:55 - dubsmart.modules.cloning - INFO - Using gTTS fallback...
2026-01-25 15:06:56 - dubsmart.modules.cloning - INFO - Loading Coqui XTTS-v2 model (Lazy Load)...
2026-01-25 15:06:57 - dubsmart.modules.cloning - ERROR - Failed to load Coqui model: cannot import name 'BeamSearchScorer' from 'transformers' (c:\Users\svrao\Downloads\Dubsmart  - ai\.venv\Lib\site-packages\transformers\__init__.py)
2026-01-25 15:06:57 - dubsmart.modules.cloning - INFO - Using gTTS fallback...
2026-01-25 15:06:57 - dubsmart.modules.cloning - INFO - Loading Coqui XTTS-v2 model (Lazy Load)...
2026-01-25 15:06:58 - dubsmart.modules.cloning - ERROR - Failed to load Coqui model: cannot import name 'BeamSearchScorer' from 'transformers' (c:\Users\svrao\Downloads\Dubsmart  - ai\.venv\Lib\site-packages\transformers\__init__.py)
2026-01-25 15:06:58 - dubsmart.modules.cloning - INFO - Using gTTS fallback...
2026-01-25 15:06:58 - dubsmart.modules.cloning - INFO - Loading Coqui XTTS-v2 model (Lazy Load)...
2026-01-25 15:06:59 - dubsmart.modules.cloning - ERROR - Failed to load Coqui model: cannot import name 'BeamSearchScorer' from 'transformers' (c:\Users\svrao\Downloads\Dubsmart  - ai\.venv\Lib\site-packages\transformers\__init__.py)
2026-01-25 15:06:59 - dubsmart.modules.cloning - INFO - Using gTTS fallback...
2026-01-25 15:07:00 - dubsmart.modules.cloning - INFO - Loading Coqui XTTS-v2 model (Lazy Load)...
2026-01-25 15:07:00 - dubsmart.modules.cloning - ERROR - Failed to load Coqui model: cannot import name 'BeamSearchScorer' from 'transformers' (c:\Users\svrao\Downloads\Dubsmart  - ai\.venv\Lib\site-packages\transformers\__init__.py)
2026-01-25 15:07:00 - dubsmart.modules.cloning - INFO - Using gTTS fallback...
2026-01-25 15:07:01 - dubsmart.modules.cloning - INFO - Loading Coqui XTTS-v2 model (Lazy Load)...
2026-01-25 15:07:01 - dubsmart.modules.cloning - ERROR - Failed to load Coqui model: cannot import name 'BeamSearchScorer' from 'transformers' (c:\Users\svrao\Downloads\Dubsmart  - ai\.venv\Lib\site-packages\transformers\__init__.py)
2026-01-25 15:07:01 - dubsmart.modules.cloning - INFO - Using gTTS fallback...
2026-01-25 15:07:02 - dubsmart.modules.cloning - INFO - Loading Coqui XTTS-v2 model (Lazy Load)...
2026-01-25 15:07:03 - dubsmart.modules.cloning - ERROR - Failed to load Coqui model: cannot import name 'BeamSearchScorer' from 'transformers' (c:\Users\svrao\Downloads\Dubsmart  - ai\.venv\Lib\site-packages\transformers\__init__.py)
2026-01-25 15:07:03 - dubsmart.modules.cloning - INFO - Using gTTS fallback...
2026-01-25 15:07:05 - dubsmart.modules.cloning - INFO - Loading Coqui XTTS-v2 model (Lazy Load)...
2026-01-25 15:07:06 - dubsmart.modules.cloning - ERROR - Failed to load Coqui model: cannot import name 'BeamSearchScorer' from 'transformers' (c:\Users\svrao\Downloads\Dubsmart  - ai\.venv\Lib\site-packages\transformers\__init__.py)
2026-01-25 15:07:06 - dubsmart.modules.cloning - INFO - Using gTTS fallback...
2026-01-25 15:07:06 - dubsmart.modules.cloning - INFO - Loading Coqui XTTS-v2 model (Lazy Load)...
2026-01-25 15:07:07 - dubsmart.modules.cloning - ERROR - Failed to load Coqui model: cannot import name 'BeamSearchScorer' from 'transformers' (c:\Users\svrao\Downloads\Dubsmart  - ai\.venv\Lib\site-packages\transformers\__init__.py)
2026-01-25 15:07:07 - dubsmart.modules.cloning - INFO - Using gTTS fallback...
2026-01-25 15:07:08 - dubsmart.modules.cloning - INFO - Loading Coqui XTTS-v2 model (Lazy Load)...
2026-01-25 15:07:08 - dubsmart.modules.cloning - ERROR - Failed to load Coqui model: cannot import name 'BeamSearchScorer' from 'transformers' (c:\Users\svrao\Downloads\Dubsmart  - ai\.venv\Lib\site-packages\transformers\__init__.py)
2026-01-25 15:07:08 - dubsmart.modules.cloning - INFO - Using gTTS fallback...
2026-01-25 15:07:09 - dubsmart.core.pipeline - INFO - Synthesized 14/14 segments
2026-01-25 15:07:43 - dubsmart.processor.mixer - INFO - Mixed audio saved to: output/dubbed_hi.wav
2026-01-25 15:07:43 - dubsmart.main - INFO - Dubbing successful! Result: output/dubbed_hi.wav
2026-01-25 15:11:58 - dubsmart.modules.transcription - INFO - Initializing Whisper model: base on cpu
2026-01-25 15:12:11 - dubsmart.modules.translation - INFO - Translator initialized with method: m2m100
2026-01-25 15:12:11 - dubsmart.core.pipeline - INFO - Starting pipeline for test_audio/English.wav
2026-01-25 15:12:11 - dubsmart.modules.transcription - INFO - Transcribing audio: test_audio/English.wav
2026-01-25 15:12:21 - dubsmart.modules.transcription - INFO - Detected language: en
2026-01-25 15:12:21 - dubsmart.modules.diarization - INFO - Diarizing audio: test_audio/English.wav
2026-01-25 15:12:21 - dubsmart.modules.translation - INFO - Translating 14 segments from en to hi
2026-01-25 15:13:23 - dubsmart.modules.translation - INFO - Translated 10/14 segments
2026-01-25 15:18:30 - dubsmart.modules.cloning - INFO - Loading Coqui XTTS-v2 model (Lazy Load)...
2026-01-25 15:18:39 - dubsmart.modules.cloning - ERROR - Failed to load Coqui model: cannot import name 'BeamSearchScorer' from 'transformers' (c:\Users\svrao\Downloads\Dubsmart  - ai\.venv\Lib\site-packages\transformers\__init__.py)
2026-01-25 15:18:39 - dubsmart.modules.cloning - INFO - Using gTTS fallback...
2026-01-25 15:18:40 - dubsmart.modules.cloning - INFO - Loading Coqui XTTS-v2 model (Lazy Load)...
2026-01-25 15:18:40 - dubsmart.modules.cloning - ERROR - Failed to load Coqui model: cannot import name 'BeamSearchScorer' from 'transformers' (c:\Users\svrao\Downloads\Dubsmart  - ai\.venv\Lib\site-packages\transformers\__init__.py)
2026-01-25 15:18:40 - dubsmart.modules.cloning - INFO - Using gTTS fallback...
2026-01-25 15:18:41 - dubsmart.modules.cloning - INFO - Loading Coqui XTTS-v2 model (Lazy Load)...
2026-01-25 15:18:42 - dubsmart.modules.cloning - ERROR - Failed to load Coqui model: cannot import name 'BeamSearchScorer' from 'transformers' (c:\Users\svrao\Downloads\Dubsmart  - ai\.venv\Lib\site-packages\transformers\__init__.py)
2026-01-25 15:18:42 - dubsmart.modules.cloning - INFO - Using gTTS fallback...
2026-01-25 15:18:43 - dubsmart.modules.cloning - INFO - Loading Coqui XTTS-v2 model (Lazy Load)...
2026-01-25 15:18:43 - dubsmart.modules.cloning - ERROR - Failed to load Coqui model: cannot import name 'BeamSearchScorer' from 'transformers' (c:\Users\svrao\Downloads\Dubsmart  - ai\.venv\Lib\site-packages\transformers\__init__.py)
2026-01-25 15:18:43 - dubsmart.modules.cloning - INFO - Using gTTS fallback...
2026-01-25 15:18:44 - dubsmart.modules.cloning - INFO - Loading Coqui XTTS-v2 model (Lazy Load)...
2026-01-25 15:18:45 - dubsmart.modules.cloning - ERROR - Failed to load Coqui model: cannot import name 'BeamSearchScorer' from 'transformers' (c:\Users\svrao\Downloads\Dubsmart  - ai\.venv\Lib\site-packages\transformers\__init__.py)
2026-01-25 15:18:45 - dubsmart.modules.cloning - INFO - Using gTTS fallback...
2026-01-25 15:18:45 - dubsmart.modules.cloning - INFO - Loading Coqui XTTS-v2 model (Lazy Load)...
2026-01-25 15:18:46 - dubsmart.modules.cloning - ERROR - Failed to load Coqui model: cannot import name 'BeamSearchScorer' from 'transformers' (c:\Users\svrao\Downloads\Dubsmart  - ai\.venv\Lib\site-packages\transformers\__init__.py)
2026-01-25 15:18:46 - dubsmart.modules.cloning - INFO - Using gTTS fallback...
2026-01-25 15:18:46 - dubsmart.modules.cloning - INFO - Loading Coqui XTTS-v2 model (Lazy Load)...
2026-01-25 15:18:47 - dubsmart.modules.cloning - ERROR - Failed to load Coqui model: cannot import name 'BeamSearchScorer' from 'transformers' (c:\Users\svrao\Downloads\Dubsmart  - ai\.venv\Lib\site-packages\transformers\__init__.py)
2026-01-25 15:18:47 - dubsmart.modules.cloning - INFO - Using gTTS fallback...
2026-01-25 15:18:48 - dubsmart.modules.cloning - INFO - Loading Coqui XTTS-v2 model (Lazy Load)...
2026-01-25 15:18:49 - dubsmart.modules.cloning - ERROR - Failed to load Coqui model: cannot import name 'BeamSearchScorer' from 'transformers' (c:\Users\svrao\Downloads\Dubsmart  - ai\.venv\Lib\site-packages\transformers\__init__.py)
2026-01-25 15:18:49 - dubsmart.modules.cloning - INFO - Using gTTS fallback...
2026-01-25 15:18:49 - dubsmart.modules.cloning - INFO - Loading Coqui XTTS-v2 model (Lazy Load)...
2026-01-25 15:18:50 - dubsmart.modules.cloning - ERROR - Failed to load Coqui model: cannot import name 'BeamSearchScorer' from 'transformers' (c:\Users\svrao\Downloads\Dubsmart  - ai\.venv\Lib\site-packages\transformers\__init__.py)
2026-01-25 15:18:50 - dubsmart.modules.cloning - INFO - Using gTTS fallback...
2026-01-25 15:18:50 - dubsmart.modules.cloning - INFO - Loading Coqui XTTS-v2 model (Lazy Load)...
2026-01-25 15:18:51 - dubsmart.modules.cloning - ERROR - Failed to load Coqui model: cannot import name 'BeamSearchScorer' from 'transformers' (c:\Users\svrao\Downloads\Dubsmart  - ai\.venv\Lib\site-packages\transformers\__init__.py)
2026-01-25 15:18:51 - dubsmart.modules.cloning - INFO - Using gTTS fallback...
2026-01-25 15:18:52 - dubsmart.modules.cloning - INFO - Loading Coqui XTTS-v2 model (Lazy Load)...
2026-01-25 15:18:52 - dubsmart.modules.cloning - ERROR - Failed to load Coqui model: cannot import name 'BeamSearchScorer' from 'transformers' (c:\Users\svrao\Downloads\Dubsmart  - ai\.venv\Lib\site-packages\transformers\__init__.py)
2026-01-25 15:18:52 - dubsmart.modules.cloning - INFO - Using gTTS fallback...
2026-01-25 15:18:55 - dubsmart.modules.cloning - INFO - Loading Coqui XTTS-v2 model (Lazy Load)...
2026-01-25 15:18:56 - dubsmart.modules.cloning - ERROR - Failed to load Coqui model: cannot import name 'BeamSearchScorer' from 'transformers' (c:\Users\svrao\Downloads\Dubsmart  - ai\.venv\Lib\site-packages\transformers\__init__.py)
2026-01-25 15:18:56 - dubsmart.modules.cloning - INFO - Using gTTS fallback...
2026-01-25 15:18:56 - dubsmart.modules.cloning - INFO - Loading Coqui XTTS-v2 model (Lazy Load)...
2026-01-25 15:18:57 - dubsmart.modules.cloning - ERROR - Failed to load Coqui model: cannot import name 'BeamSearchScorer' from 'transformers' (c:\Users\svrao\Downloads\Dubsmart  - ai\.venv\Lib\site-packages\transformers\__init__.py)
2026-01-25 15:18:57 - dubsmart.modules.cloning - INFO - Using gTTS fallback...
2026-01-25 15:18:58 - dubsmart.modules.cloning - INFO - Loading Coqui XTTS-v2 model (Lazy Load)...
2026-01-25 15:18:59 - dubsmart.modules.cloning - ERROR - Failed to load Coqui model: cannot import name 'BeamSearchScorer' from 'transformers' (c:\Users\svrao\Downloads\Dubsmart  - ai\.venv\Lib\site-packages\transformers\__init__.py)
2026-01-25 15:18:59 - dubsmart.modules.cloning - INFO - Using gTTS fallback...
2026-01-25 15:18:59 - dubsmart.core.pipeline - INFO - Synthesized 14/14 segments
2026-01-25 15:19:20 - dubsmart.processor.mixer - INFO - Mixed audio saved to: output/dubbed_hi.wav
2026-01-25 15:19:20 - dubsmart.main - INFO - Dubbing successful! Result: output/dubbed_hi.wav
2026-01-25 15:24:08 - dubsmart.modules.transcription - INFO - Initializing Whisper model: base on cpu
2026-01-25 15:24:32 - dubsmart.modules.translation - INFO - Translator initialized with method: m2m100
2026-01-25 15:24:32 - dubsmart.core.pipeline - INFO - Starting pipeline for test_audio/WAZ_hid.wav
2026-01-25 15:24:32 - dubsmart.modules.transcription - INFO - Transcribing audio: test_audio/WAZ_hid.wav
2026-01-25 15:24:56 - dubsmart.modules.transcription - INFO - Detected language: en
2026-01-25 15:24:56 - dubsmart.modules.diarization - INFO - Diarizing audio: test_audio/WAZ_hid.wav
2026-01-25 15:24:56 - dubsmart.modules.translation - INFO - Translating 1 segments from en to en
2026-01-25 15:25:06 - dubsmart.modules.cloning - INFO - Loading Coqui XTTS-v2 model (Lazy Load)...
2026-01-25 15:25:08 - dubsmart.modules.cloning - ERROR - Failed to load Coqui model: cannot import name 'BeamSearchScorer' from 'transformers' (c:\Users\svrao\Downloads\Dubsmart  - ai\.venv\Lib\site-packages\transformers\__init__.py)
2026-01-25 15:25:08 - dubsmart.modules.cloning - INFO - Using gTTS fallback...
2026-01-25 15:25:08 - dubsmart.core.pipeline - INFO - Synthesized 1/1 segments
2026-01-25 15:25:09 - dubsmart.processor.mixer - INFO - Mixed audio saved to: output/dubbed_en.wav
2026-01-25 15:25:09 - dubsmart.main - INFO - Dubbing successful! Result: output/dubbed_en.wav
2026-01-25 15:28:32 - dubsmart.modules.transcription - INFO - Initializing Whisper model: base on cpu
2026-01-25 15:28:42 - dubsmart.modules.translation - INFO - Translator initialized with method: m2m100
2026-01-25 15:28:42 - dubsmart.core.pipeline - INFO - Starting pipeline for test_audio/WAZ_hid.wav
2026-01-25 15:28:42 - dubsmart.modules.transcription - INFO - Transcribing audio: test_audio/WAZ_hid.wav
2026-01-25 15:29:05 - dubsmart.modules.transcription - INFO - Initializing Whisper model: base on cpu
2026-01-25 15:29:13 - dubsmart.modules.translation - INFO - Translator initialized with method: m2m100
2026-01-25 15:29:13 - dubsmart.core.pipeline - INFO - Starting pipeline for test_audio/WAZ_hid.wav
2026-01-25 15:29:13 - dubsmart.modules.transcription - INFO - Transcribing audio: test_audio/WAZ_hid.wav
2026-01-25 15:29:49 - dubsmart.modules.transcription - INFO - Detected language: hi
2026-01-25 15:29:49 - dubsmart.core.pipeline - INFO - Auto-detected source language as: hi
2026-01-25 15:29:49 - dubsmart.modules.diarization - INFO - Diarizing audio: test_audio/WAZ_hid.wav
2026-01-25 15:29:49 - dubsmart.modules.translation - INFO - Translating 8 segments from hi to en
2026-01-25 15:37:34 - dubsmart.modules.transcription - INFO - Initializing Whisper model: small on cpu
2026-01-25 15:38:15 - dubsmart.modules.translation - INFO - Translator initialized with method: m2m100
2026-01-25 15:38:15 - dubsmart.core.pipeline - INFO - Starting pipeline for test_audio/WAZ_hid.wav
2026-01-25 15:38:15 - dubsmart.modules.transcription - INFO - Transcribing audio: test_audio/WAZ_hid.wav
2026-01-25 15:40:44 - dubsmart.modules.transcription - INFO - Detected language: hi
2026-01-25 15:40:44 - dubsmart.core.pipeline - INFO - Auto-detected source language as: hi
2026-01-25 15:40:44 - dubsmart.modules.diarization - INFO - Diarizing audio: test_audio/WAZ_hid.wav
2026-01-25 15:40:44 - dubsmart.modules.translation - INFO - Translating 3 segments from hi to en
2026-01-25 15:43:17 - dubsmart.modules.cloning - INFO - Loading Coqui XTTS-v2 model (Lazy Load)...
2026-01-25 15:43:19 - dubsmart.modules.cloning - ERROR - Failed to load Coqui model: cannot import name 'BeamSearchScorer' from 'transformers' (c:\Users\svrao\Downloads\Dubsmart  - ai\.venv\Lib\site-packages\transformers\__init__.py)
2026-01-25 15:43:19 - dubsmart.modules.cloning - INFO - Using gTTS fallback...
2026-01-25 15:43:23 - dubsmart.modules.cloning - INFO - Loading Coqui XTTS-v2 model (Lazy Load)...
2026-01-25 15:43:24 - dubsmart.modules.cloning - ERROR - Failed to load Coqui model: cannot import name 'BeamSearchScorer' from 'transformers' (c:\Users\svrao\Downloads\Dubsmart  - ai\.venv\Lib\site-packages\transformers\__init__.py)
2026-01-25 15:43:24 - dubsmart.modules.cloning - INFO - Using gTTS fallback...
2026-01-25 15:43:25 - dubsmart.modules.cloning - INFO - Loading Coqui XTTS-v2 model (Lazy Load)...
2026-01-25 15:43:26 - dubsmart.modules.cloning - ERROR - Failed to load Coqui model: cannot import name 'BeamSearchScorer' from 'transformers' (c:\Users\svrao\Downloads\Dubsmart  - ai\.venv\Lib\site-packages\transformers\__init__.py)
2026-01-25 15:43:26 - dubsmart.modules.cloning - INFO - Using gTTS fallback...
2026-01-25 15:43:27 - dubsmart.core.pipeline - INFO - Synthesized 3/3 segments
2026-01-25 15:44:24 - dubsmart.processor.mixer - INFO - Mixed audio saved to: output/dubbed_en.wav
2026-01-25 15:44:24 - dubsmart.main - INFO - Dubbing successful! Result: output/dubbed_en.wav
2026-01-25 15:48:34 - dubsmart.modules.transcription - INFO - Initializing Whisper model: small on cpu
2026-01-25 15:48:48 - dubsmart.modules.translation - INFO - Translator initialized with method: m2m100
2026-01-25 15:48:48 - dubsmart.core.pipeline - INFO - Starting pipeline for test_audio/English.wav
2026-01-25 15:48:48 - dubsmart.modules.transcription - INFO - Transcribing audio: test_audio/English.wav
2026-01-25 15:49:13 - dubsmart.modules.transcription - INFO - Detected language: en
2026-01-25 15:49:13 - dubsmart.core.pipeline - INFO - Auto-detected source language as: en
2026-01-25 15:49:13 - dubsmart.modules.diarization - INFO - Diarizing audio: test_audio/English.wav
2026-01-25 15:49:13 - dubsmart.modules.translation - INFO - Translating 13 segments from en to hi
2026-01-25 15:50:18 - dubsmart.modules.translation - INFO - Translated 10/13 segments
2026-01-25 15:51:25 - dubsmart.modules.cloning - INFO - Loading Coqui XTTS-v2 model (Lazy Load)...
2026-01-25 15:51:29 - dubsmart.modules.cloning - ERROR - Failed to load Coqui model: cannot import name 'BeamSearchScorer' from 'transformers' (c:\Users\svrao\Downloads\Dubsmart  - ai\.venv\Lib\site-packages\transformers\__init__.py)
2026-01-25 15:51:29 - dubsmart.modules.cloning - INFO - Using gTTS fallback...
2026-01-25 15:51:29 - dubsmart.modules.cloning - INFO - Loading Coqui XTTS-v2 model (Lazy Load)...
2026-01-25 15:51:30 - dubsmart.modules.cloning - ERROR - Failed to load Coqui model: cannot import name 'BeamSearchScorer' from 'transformers' (c:\Users\svrao\Downloads\Dubsmart  - ai\.venv\Lib\site-packages\transformers\__init__.py)
2026-01-25 15:51:30 - dubsmart.modules.cloning - INFO - Using gTTS fallback...
2026-01-25 15:51:31 - dubsmart.modules.cloning - INFO - Loading Coqui XTTS-v2 model (Lazy Load)...
2026-01-25 15:51:32 - dubsmart.modules.cloning - ERROR - Failed to load Coqui model: cannot import name 'BeamSearchScorer' from 'transformers' (c:\Users\svrao\Downloads\Dubsmart  - ai\.venv\Lib\site-packages\transformers\__init__.py)
2026-01-25 15:51:32 - dubsmart.modules.cloning - INFO - Using gTTS fallback...
2026-01-25 15:51:32 - dubsmart.modules.cloning - INFO - Loading Coqui XTTS-v2 model (Lazy Load)...
2026-01-25 15:51:33 - dubsmart.modules.cloning - ERROR - Failed to load Coqui model: cannot import name 'BeamSearchScorer' from 'transformers' (c:\Users\svrao\Downloads\Dubsmart  - ai\.venv\Lib\site-packages\transformers\__init__.py)
2026-01-25 15:51:33 - dubsmart.modules.cloning - INFO - Using gTTS fallback...
2026-01-25 15:51:33 - dubsmart.modules.cloning - INFO - Loading Coqui XTTS-v2 model (Lazy Load)...
2026-01-25 15:51:34 - dubsmart.modules.cloning - ERROR - Failed to load Coqui model: cannot import name 'BeamSearchScorer' from 'transformers' (c:\Users\svrao\Downloads\Dubsmart  - ai\.venv\Lib\site-packages\transformers\__init__.py)
2026-01-25 15:51:34 - dubsmart.modules.cloning - INFO - Using gTTS fallback...
2026-01-25 15:51:35 - dubsmart.modules.cloning - INFO - Loading Coqui XTTS-v2 model (Lazy Load)...
2026-01-25 15:51:36 - dubsmart.modules.cloning - ERROR - Failed to load Coqui model: cannot import name 'BeamSearchScorer' from 'transformers' (c:\Users\svrao\Downloads\Dubsmart  - ai\.venv\Lib\site-packages\transformers\__init__.py)
2026-01-25 15:51:36 - dubsmart.modules.cloning - INFO - Using gTTS fallback...
2026-01-25 15:51:36 - dubsmart.modules.cloning - INFO - Loading Coqui XTTS-v2 model (Lazy Load)...
2026-01-25 15:51:37 - dubsmart.modules.cloning - ERROR - Failed to load Coqui model: cannot import name 'BeamSearchScorer' from 'transformers' (c:\Users\svrao\Downloads\Dubsmart  - ai\.venv\Lib\site-packages\transformers\__init__.py)
2026-01-25 15:51:37 - dubsmart.modules.cloning - INFO - Using gTTS fallback...
2026-01-25 15:51:37 - dubsmart.modules.cloning - INFO - Loading Coqui XTTS-v2 model (Lazy Load)...
2026-01-25 15:51:38 - dubsmart.modules.cloning - ERROR - Failed to load Coqui model: cannot import name 'BeamSearchScorer' from 'transformers' (c:\Users\svrao\Downloads\Dubsmart  - ai\.venv\Lib\site-packages\transformers\__init__.py)
2026-01-25 15:51:38 - dubsmart.modules.cloning - INFO - Using gTTS fallback...
2026-01-25 15:51:39 - dubsmart.modules.cloning - INFO - Loading Coqui XTTS-v2 model (Lazy Load)...
2026-01-25 15:51:40 - dubsmart.modules.cloning - ERROR - Failed to load Coqui model: cannot import name 'BeamSearchScorer' from 'transformers' (c:\Users\svrao\Downloads\Dubsmart  - ai\.venv\Lib\site-packages\transformers\__init__.py)
2026-01-25 15:51:40 - dubsmart.modules.cloning - INFO - Using gTTS fallback...
2026-01-25 15:51:40 - dubsmart.modules.cloning - INFO - Loading Coqui XTTS-v2 model (Lazy Load)...
2026-01-25 15:51:41 - dubsmart.modules.cloning - ERROR - Failed to load Coqui model: cannot import name 'BeamSearchScorer' from 'transformers' (c:\Users\svrao\Downloads\Dubsmart  - ai\.venv\Lib\site-packages\transformers\__init__.py)
2026-01-25 15:51:41 - dubsmart.modules.cloning - INFO - Using gTTS fallback...
2026-01-25 15:51:42 - dubsmart.modules.cloning - INFO - Loading Coqui XTTS-v2 model (Lazy Load)...
2026-01-25 15:51:42 - dubsmart.modules.cloning - ERROR - Failed to load Coqui model: cannot import name 'BeamSearchScorer' from 'transformers' (c:\Users\svrao\Downloads\Dubsmart  - ai\.venv\Lib\site-packages\transformers\__init__.py)
2026-01-25 15:51:42 - dubsmart.modules.cloning - INFO - Using gTTS fallback...
2026-01-25 15:51:44 - dubsmart.modules.cloning - INFO - Loading Coqui XTTS-v2 model (Lazy Load)...
2026-01-25 15:51:45 - dubsmart.modules.cloning - ERROR - Failed to load Coqui model: cannot import name 'BeamSearchScorer' from 'transformers' (c:\Users\svrao\Downloads\Dubsmart  - ai\.venv\Lib\site-packages\transformers\__init__.py)
2026-01-25 15:51:45 - dubsmart.modules.cloning - INFO - Using gTTS fallback...
2026-01-25 15:51:45 - dubsmart.modules.cloning - INFO - Loading Coqui XTTS-v2 model (Lazy Load)...
2026-01-25 15:51:46 - dubsmart.modules.cloning - ERROR - Failed to load Coqui model: cannot import name 'BeamSearchScorer' from 'transformers' (c:\Users\svrao\Downloads\Dubsmart  - ai\.venv\Lib\site-packages\transformers\__init__.py)
2026-01-25 15:51:46 - dubsmart.modules.cloning - INFO - Using gTTS fallback...
2026-01-25 15:51:47 - dubsmart.core.pipeline - INFO - Synthesized 13/13 segments
2026-01-25 15:52:09 - dubsmart.processor.mixer - INFO - Mixed audio saved to: output/dubbed_hi.wav
2026-01-25 15:52:09 - dubsmart.main - INFO - Dubbing successful! Result: output/dubbed_hi.wav
2026-01-25 15:56:10 - dubsmart.modules.transcription - INFO - Initializing Whisper model: small on cpu
2026-01-25 15:56:25 - dubsmart.modules.transcription - INFO - Initializing Whisper model: small on cpu
2026-01-25 15:57:35 - dubsmart.modules.translation - INFO - Translator initialized with method: m2m100
2026-01-25 15:57:35 - dubsmart.core.pipeline - INFO - Starting pipeline for test_audio/WAZ_hid.wav
2026-01-25 15:57:35 - dubsmart.modules.transcription - INFO - Transcribing audio: test_audio/WAZ_hid.wav
2026-01-25 19:50:04 - dubsmart.modules.transcription - INFO - Initializing Whisper model: small on cpu
2026-01-25 19:52:34 - dubsmart.modules.translation - INFO - Translator initialized with method: m2m100
2026-01-25 19:52:34 - dubsmart.core.pipeline - INFO - Starting pipeline for test_audio/WAZ_hid.wav
2026-01-25 19:52:34 - dubsmart.modules.transcription - INFO - Transcribing audio: test_audio/WAZ_hid.wav
2026-01-25 19:56:00 - dubsmart.modules.transcription - INFO - Detected language: hi
2026-01-25 19:56:00 - dubsmart.core.pipeline - INFO - Auto-detected source language as: hi
2026-01-25 19:56:00 - dubsmart.modules.diarization - INFO - Diarizing audio: test_audio/WAZ_hid.wav
2026-01-25 19:56:00 - dubsmart.modules.translation - INFO - Translating 2 segments from hi to en
2026-01-25 20:00:53 - dubsmart.modules.cloning - INFO - Loading Coqui XTTS-v2 model (Lazy Load)...
2026-01-25 20:00:59 - dubsmart.modules.cloning - ERROR - Failed to load Coqui model: cannot import name 'BeamSearchScorer' from 'transformers' (C:\Users\svrao\Downloads\Dubsmart  - ai\.venv\Lib\site-packages\transformers\__init__.py)
2026-01-25 20:00:59 - dubsmart.modules.cloning - INFO - Using gTTS fallback...
2026-01-25 20:01:01 - dubsmart.modules.cloning - INFO - Loading Coqui XTTS-v2 model (Lazy Load)...
2026-01-25 20:01:02 - dubsmart.modules.cloning - ERROR - Failed to load Coqui model: cannot import name 'BeamSearchScorer' from 'transformers' (C:\Users\svrao\Downloads\Dubsmart  - ai\.venv\Lib\site-packages\transformers\__init__.py)
2026-01-25 20:01:02 - dubsmart.modules.cloning - INFO - Using gTTS fallback...
2026-01-25 20:01:03 - dubsmart.core.pipeline - INFO - Synthesized 2/2 segments
2026-01-25 20:01:19 - dubsmart.processor.mixer - INFO - Mixed audio saved to: result.wav
2026-01-25 20:01:19 - __main__ - INFO - Dubbing successful! Result: result.wav
2026-01-25 20:15:53 - __main__ - ERROR - Pipeline failed: Numba needs NumPy 2.3 or less. Got NumPy 2.4.
2026-01-25 21:12:57 - dubsmart.modules.transcription - INFO - Initializing Whisper model: small on cpu
2026-01-25 21:13:23 - dubsmart.modules.translation - INFO - Translator initialized with method: m2m100
2026-01-25 21:13:23 - dubsmart.core.pipeline - INFO - Starting pipeline for test_audio/WAZ_hid.wav
2026-01-25 21:13:23 - dubsmart.modules.transcription - INFO - Transcribing audio: test_audio/WAZ_hid.wav
2026-01-25 21:17:40 - dubsmart.modules.transcription - INFO - Detected language: hi
2026-01-25 21:17:40 - dubsmart.core.pipeline - INFO - Auto-detected source language as: hi
2026-01-25 21:17:40 - dubsmart.modules.diarization - INFO - Diarizing audio: test_audio/WAZ_hid.wav
2026-01-25 21:17:40 - dubsmart.modules.translation - INFO - Translating 3 segments from hi to en
2026-01-25 21:47:52 - dubsmart.modules.transcription - INFO - Initializing Whisper model: small on cpu
2026-01-25 21:48:12 - dubsmart.modules.translation - INFO - Translator initialized with method: m2m100
2026-01-25 21:48:12 - dubsmart.core.pipeline - INFO - Starting pipeline for test_audio/WAZ_hid.wav
2026-01-25 21:48:12 - dubsmart.modules.transcription - INFO - Transcribing audio: test_audio/WAZ_hid.wav
2026-01-25 21:54:03 - dubsmart.modules.transcription - INFO - Detected language: hi
2026-01-25 21:54:03 - dubsmart.core.pipeline - INFO - Auto-detected source language as: hi
2026-01-25 21:54:03 - dubsmart.modules.diarization - INFO - Diarizing audio: test_audio/WAZ_hid.wav
2026-01-25 21:54:03 - dubsmart.modules.translation - INFO - Translating 8 segments from hi to en
2026-01-25 22:10:07 - dubsmart.modules.transcription - INFO - Initializing Whisper model: small on cpu
2026-01-25 22:14:30 - dubsmart.modules.translation - INFO - Translator initialized with method: m2m100
2026-01-25 22:14:38 - dubsmart.core.pipeline - INFO - Starting pipeline for test_audio/WAZ_hid.wav
2026-01-25 22:14:38 - dubsmart.modules.transcription - INFO - Transcribing audio: test_audio/WAZ_hid.wav
2026-01-25 22:52:06 - dubsmart.modules.transcription - INFO - Initializing Whisper model: small on cpu
2026-01-25 22:52:26 - dubsmart.modules.translation - INFO - Translator initialized with method: m2m100
2026-01-25 22:52:26 - dubsmart.core.pipeline - INFO - Starting pipeline for temp/d6ae03ef-e91b-404d-8953-17bebeb794bf\English.wav
2026-01-25 22:52:26 - dubsmart.modules.transcription - INFO - Transcribing audio: temp/d6ae03ef-e91b-404d-8953-17bebeb794bf\English.wav
2026-01-25 22:53:01 - dubsmart.modules.transcription - INFO - Detected language: en
2026-01-25 22:53:01 - dubsmart.core.pipeline - INFO - Auto-detected source language as: en
2026-01-25 22:53:01 - dubsmart.modules.diarization - INFO - Diarizing audio: temp/d6ae03ef-e91b-404d-8953-17bebeb794bf\English.wav
2026-01-25 22:53:01 - dubsmart.modules.translation - INFO - Translating 13 segments from en to hi
2026-01-26 10:15:48 - src.dubsmart.modules.transcription - INFO - Initializing Whisper model: base on cpu
2026-01-26 10:15:49 - src.dubsmart.modules.transcription - INFO - Transcribing audio: test_audio/English.wav
2026-01-26 10:16:07 - src.dubsmart.modules.transcription - INFO - Detected language: en
2026-01-26 10:16:26 - src.dubsmart.modules.translation - INFO - Translator initialized with method: m2m100
2026-01-26 10:17:05 - src.dubsmart.modules.transcription - INFO - Initializing Whisper model: base on cpu
2026-01-26 10:17:06 - src.dubsmart.modules.transcription - INFO - Transcribing audio: test_audio/English.wav
2026-01-26 10:17:20 - src.dubsmart.modules.transcription - INFO - Detected language: en
2026-01-26 10:17:21 - src.dubsmart.modules.translation - INFO - Translator initialized with method: m2m100
2026-01-26 11:05:49 - src.dubsmart.modules.transcription - INFO - Initializing Whisper model: base on cpu
2026-01-26 11:05:51 - src.dubsmart.modules.transcription - INFO - Transcribing audio: test_audio/English.wav
2026-01-26 11:06:09 - src.dubsmart.modules.transcription - INFO - Detected language: en
2026-01-26 11:06:19 - src.dubsmart.modules.translation - INFO - Translator initialized with method: m2m100
2026-01-26 11:22:51 - src.dubsmart.modules.cloning - INFO - Loading Coqui XTTS-v2 model (Lazy Load)...
2026-01-26 12:30:17 - src.dubsmart.modules.transcription - INFO - Initializing Whisper model: base on cpu
2026-01-26 12:30:18 - src.dubsmart.modules.transcription - INFO - Transcribing audio: test_audio/English.wav
2026-01-26 12:30:56 - src.dubsmart.modules.transcription - INFO - Detected language: en
2026-01-26 12:30:59 - src.dubsmart.modules.translation - INFO - Translator initialized with method: m2m100
2026-01-26 12:49:23 - dubsmart.modules.transcription - INFO - Initializing Whisper model: small on cpu
2026-01-26 12:49:38 - dubsmart.modules.translation - INFO - Translator initialized with method: m2m100
2026-01-26 12:49:38 - dubsmart.core.pipeline - INFO - Starting pipeline for test_audio/English.wav
2026-01-26 12:49:38 - dubsmart.modules.transcription - INFO - Transcribing audio: test_audio/English.wav
2026-01-26 12:50:02 - dubsmart.modules.transcription - INFO - Detected language: en
2026-01-26 12:50:02 - dubsmart.core.pipeline - INFO - Auto-detected source language as: en
2026-01-26 12:50:02 - dubsmart.modules.diarization - INFO - Diarizing audio: test_audio/English.wav
2026-01-26 12:50:02 - dubsmart.modules.translation - INFO - Translating 13 segments from en to te
2026-01-26 13:05:31 - dubsmart.main - ERROR - Pipeline failed: 'te'
2026-01-26 13:09:40 - dubsmart.modules.transcription - INFO - Initializing Whisper model: small on cpu
2026-01-26 13:09:44 - dubsmart.modules.translation - INFO - Translator initialized with method: m2m100
2026-01-26 13:09:44 - dubsmart.core.pipeline - INFO - Starting pipeline for test_audio/English.wav
2026-01-26 13:09:44 - dubsmart.modules.transcription - INFO - Transcribing audio: test_audio/English.wav
2026-01-26 13:10:09 - dubsmart.modules.transcription - INFO - Detected language: en
2026-01-26 13:10:09 - dubsmart.core.pipeline - INFO - Auto-detected source language as: en
2026-01-26 13:10:09 - dubsmart.modules.diarization - INFO - Diarizing audio: test_audio/English.wav
2026-01-26 13:10:09 - dubsmart.modules.translation - INFO - Translating 13 segments from en to hi
2026-01-26 13:27:12 - dubsmart.modules.translation - INFO - Translated 10/13 segments
2026-01-26 13:28:45 - dubsmart.modules.cloning - INFO - Loading Coqui XTTS-v2 model (Lazy Load)...
2026-01-26 13:33:02 - dubsmart.modules.cloning - ERROR - Failed to load Coqui model: Weights only load failed. This file can still be loaded, to do so you have two options, [1mdo those steps only if you trust the source of the checkpoint[0m. 
	(1) In PyTorch 2.6, we changed the default value of the `weights_only` argument in `torch.load` from `False` to `True`. Re-running `torch.load` with `weights_only` set to `False` will likely succeed, but it can result in arbitrary code execution. Do it only if you got the file from a trusted source.
	(2) Alternatively, to load with `weights_only=True` please check the recommended steps in the following error message.
	WeightsUnpickler error: Unsupported global: GLOBAL TTS.tts.configs.xtts_config.XttsConfig was not an allowed global by default. Please use `torch.serialization.add_safe_globals([TTS.tts.configs.xtts_config.XttsConfig])` or the `torch.serialization.safe_globals([TTS.tts.configs.xtts_config.XttsConfig])` context manager to allowlist this global if you trust this class/function.

Check the documentation of torch.load to learn more about types accepted by default with weights_only https://pytorch.org/docs/stable/generated/torch.load.html.
2026-01-26 13:34:58 - dubsmart.modules.cloning - INFO - Using gTTS fallback...
2026-01-26 13:35:28 - dubsmart.modules.cloning - ERROR - gTTS fallback failed: Failed to connect. Probable cause: Unknown
2026-01-26 13:35:28 - dubsmart.modules.cloning - INFO - Loading Coqui XTTS-v2 model (Lazy Load)...
2026-01-26 13:43:55 - dubsmart.modules.cloning - ERROR - Failed to load Coqui model: Weights only load failed. This file can still be loaded, to do so you have two options, [1mdo those steps only if you trust the source of the checkpoint[0m. 
	(1) In PyTorch 2.6, we changed the default value of the `weights_only` argument in `torch.load` from `False` to `True`. Re-running `torch.load` with `weights_only` set to `False` will likely succeed, but it can result in arbitrary code execution. Do it only if you got the file from a trusted source.
	(2) Alternatively, to load with `weights_only=True` please check the recommended steps in the following error message.
	WeightsUnpickler error: Unsupported global: GLOBAL TTS.tts.configs.xtts_config.XttsConfig was not an allowed global by default. Please use `torch.serialization.add_safe_globals([TTS.tts.configs.xtts_config.XttsConfig])` or the `torch.serialization.safe_globals([TTS.tts.configs.xtts_config.XttsConfig])` context manager to allowlist this global if you trust this class/function.

Check the documentation of torch.load to learn more about types accepted by default with weights_only https://pytorch.org/docs/stable/generated/torch.load.html.
2026-01-26 13:43:55 - dubsmart.modules.cloning - INFO - Using gTTS fallback...
2026-01-26 13:43:59 - dubsmart.modules.cloning - INFO - Loading Coqui XTTS-v2 model (Lazy Load)...
2026-01-26 13:46:13 - dubsmart.modules.cloning - ERROR - Failed to load Coqui model: Weights only load failed. This file can still be loaded, to do so you have two options, [1mdo those steps only if you trust the source of the checkpoint[0m. 
	(1) In PyTorch 2.6, we changed the default value of the `weights_only` argument in `torch.load` from `False` to `True`. Re-running `torch.load` with `weights_only` set to `False` will likely succeed, but it can result in arbitrary code execution. Do it only if you got the file from a trusted source.
	(2) Alternatively, to load with `weights_only=True` please check the recommended steps in the following error message.
	WeightsUnpickler error: Unsupported global: GLOBAL TTS.tts.configs.xtts_config.XttsConfig was not an allowed global by default. Please use `torch.serialization.add_safe_globals([TTS.tts.configs.xtts_config.XttsConfig])` or the `torch.serialization.safe_globals([TTS.tts.configs.xtts_config.XttsConfig])` context manager to allowlist this global if you trust this class/function.

Check the documentation of torch.load to learn more about types accepted by default with weights_only https://pytorch.org/docs/stable/generated/torch.load.html.
2026-01-26 13:46:13 - dubsmart.modules.cloning - INFO - Using gTTS fallback...
2026-01-26 13:46:17 - dubsmart.modules.cloning - INFO - Loading Coqui XTTS-v2 model (Lazy Load)...
2026-01-26 16:41:07 - dubsmart.modules.transcription - INFO - Initializing Whisper model: small on cpu
2026-01-26 16:41:22 - dubsmart.modules.translation - INFO - Translator initialized with method: m2m100
2026-01-26 16:41:22 - dubsmart.core.pipeline - INFO - Starting pipeline for test_audio/English.wav
2026-01-26 16:41:22 - dubsmart.modules.transcription - INFO - Transcribing audio: test_audio/English.wav
2026-01-26 16:41:45 - dubsmart.modules.transcription - INFO - Detected language: en
2026-01-26 16:41:45 - dubsmart.modules.diarization - INFO - Diarizing audio: test_audio/English.wav
2026-01-26 16:41:45 - dubsmart.modules.translation - INFO - Translating 13 segments from en to fr
2026-01-26 17:02:24 - dubsmart.modules.translation - INFO - Translated 10/13 segments
2026-01-26 17:05:53 - dubsmart.modules.cloning - INFO - Loading Coqui XTTS-v2 model (Lazy Load)...
2026-01-26 17:20:30 - dubsmart.modules.cloning - ERROR - Failed to load Coqui model: Weights only load failed. This file can still be loaded, to do so you have two options, [1mdo those steps only if you trust the source of the checkpoint[0m. 
	(1) In PyTorch 2.6, we changed the default value of the `weights_only` argument in `torch.load` from `False` to `True`. Re-running `torch.load` with `weights_only` set to `False` will likely succeed, but it can result in arbitrary code execution. Do it only if you got the file from a trusted source.
	(2) Alternatively, to load with `weights_only=True` please check the recommended steps in the following error message.
	WeightsUnpickler error: Unsupported global: GLOBAL TTS.tts.configs.xtts_config.XttsConfig was not an allowed global by default. Please use `torch.serialization.add_safe_globals([TTS.tts.configs.xtts_config.XttsConfig])` or the `torch.serialization.safe_globals([TTS.tts.configs.xtts_config.XttsConfig])` context manager to allowlist this global if you trust this class/function.

Check the documentation of torch.load to learn more about types accepted by default with weights_only https://pytorch.org/docs/stable/generated/torch.load.html.
2026-01-26 17:20:36 - dubsmart.modules.cloning - INFO - Using gTTS fallback...
2026-01-26 17:20:38 - dubsmart.modules.cloning - INFO - Loading Coqui XTTS-v2 model (Lazy Load)...
2026-01-26 17:21:29 - dubsmart.modules.cloning - ERROR - Failed to load Coqui model: Weights only load failed. This file can still be loaded, to do so you have two options, [1mdo those steps only if you trust the source of the checkpoint[0m. 
	(1) In PyTorch 2.6, we changed the default value of the `weights_only` argument in `torch.load` from `False` to `True`. Re-running `torch.load` with `weights_only` set to `False` will likely succeed, but it can result in arbitrary code execution. Do it only if you got the file from a trusted source.
	(2) Alternatively, to load with `weights_only=True` please check the recommended steps in the following error message.
	WeightsUnpickler error: Unsupported global: GLOBAL TTS.tts.configs.xtts_config.XttsConfig was not an allowed global by default. Please use `torch.serialization.add_safe_globals([TTS.tts.configs.xtts_config.XttsConfig])` or the `torch.serialization.safe_globals([TTS.tts.configs.xtts_config.XttsConfig])` context manager to allowlist this global if you trust this class/function.

Check the documentation of torch.load to learn more about types accepted by default with weights_only https://pytorch.org/docs/stable/generated/torch.load.html.
2026-01-26 17:21:30 - dubsmart.modules.cloning - INFO - Using gTTS fallback...
2026-01-26 17:21:39 - dubsmart.modules.cloning - INFO - Loading Coqui XTTS-v2 model (Lazy Load)...
2026-01-26 17:22:11 - dubsmart.modules.cloning - ERROR - Failed to load Coqui model: Weights only load failed. This file can still be loaded, to do so you have two options, [1mdo those steps only if you trust the source of the checkpoint[0m. 
	(1) In PyTorch 2.6, we changed the default value of the `weights_only` argument in `torch.load` from `False` to `True`. Re-running `torch.load` with `weights_only` set to `False` will likely succeed, but it can result in arbitrary code execution. Do it only if you got the file from a trusted source.
	(2) Alternatively, to load with `weights_only=True` please check the recommended steps in the following error message.
	WeightsUnpickler error: Unsupported global: GLOBAL TTS.tts.configs.xtts_config.XttsConfig was not an allowed global by default. Please use `torch.serialization.add_safe_globals([TTS.tts.configs.xtts_config.XttsConfig])` or the `torch.serialization.safe_globals([TTS.tts.configs.xtts_config.XttsConfig])` context manager to allowlist this global if you trust this class/function.

Check the documentation of torch.load to learn more about types accepted by default with weights_only https://pytorch.org/docs/stable/generated/torch.load.html.
2026-01-26 17:22:11 - dubsmart.modules.cloning - INFO - Using gTTS fallback...
2026-01-26 17:22:15 - dubsmart.modules.cloning - INFO - Loading Coqui XTTS-v2 model (Lazy Load)...
2026-01-26 22:38:35 - dubsmart.modules.transcription - INFO - Initializing Whisper model: small on cpu
2026-01-26 22:38:56 - dubsmart.modules.translation - INFO - Translator initialized with method: m2m100
2026-01-26 22:38:56 - dubsmart.core.pipeline - INFO - Starting pipeline for test_audio/English.wav
2026-01-26 22:38:56 - dubsmart.modules.transcription - INFO - Transcribing audio: test_audio/English.wav
2026-01-26 22:39:29 - dubsmart.modules.transcription - INFO - Detected language: en
2026-01-26 22:39:29 - dubsmart.modules.diarization - INFO - Diarizing audio: test_audio/English.wav
2026-01-26 22:39:29 - dubsmart.modules.translation - INFO - Translating 13 segments from en to fr
2026-01-27 13:07:54 - dubsmart.modules.transcription - INFO - Initializing Whisper model: small on cpu
2026-01-27 13:08:06 - dubsmart.modules.translation - INFO - Translator initialized with method: m2m100
2026-01-27 13:08:06 - dubsmart.core.pipeline - INFO - Starting pipeline for temp/d97afa07-6f0f-43a4-8a5a-aa46e4b0fc1c\English.wav
2026-01-27 13:08:06 - dubsmart.modules.transcription - INFO - Transcribing audio: temp/d97afa07-6f0f-43a4-8a5a-aa46e4b0fc1c\English.wav
2026-01-27 13:08:57 - dubsmart.modules.transcription - INFO - Detected language: en
2026-01-27 13:08:57 - dubsmart.modules.diarization - INFO - Diarizing audio: temp/d97afa07-6f0f-43a4-8a5a-aa46e4b0fc1c\English.wav
2026-01-27 13:08:57 - dubsmart.modules.translation - INFO - Translating 13 segments from en to hi
2026-01-30 06:54:49 - src.dubsmart.modules.transcription - INFO - Initializing Whisper model: tiny on cpu
2026-01-30 06:55:09 - src.dubsmart.modules.transcription - INFO - Transcribing audio: test_audio/short_test.wav
2026-01-30 07:00:23 - src.dubsmart.modules.transcription - INFO - Initializing Whisper model: tiny on cpu
2026-01-30 07:00:25 - src.dubsmart.modules.transcription - INFO - Transcribing audio: test_audio/short_test.wav
2026-01-30 07:18:14 - src.dubsmart.modules.transcription - INFO - Initializing Whisper model: tiny on cpu
2026-01-30 07:18:15 - src.dubsmart.modules.transcription - INFO - Transcribing audio: test_audio/short_test.wav
2026-01-30 07:18:17 - src.dubsmart.modules.transcription - INFO - Detected language: en
2026-01-30 07:18:33 - src.dubsmart.modules.translation - INFO - Translator initialized with method: m2m100
2026-01-30 07:18:33 - src.dubsmart.modules.translation - INFO - Translating 2 segments from en to es
2026-01-30 07:18:33 - src.dubsmart.modules.cloning - WARNING - TTS library not installed. Using fallback.
2026-01-30 07:18:33 - src.dubsmart.modules.cloning - INFO - Using gTTS fallback...
2026-01-30 07:18:34 - src.dubsmart.modules.cloning - WARNING - TTS library not installed. Using fallback.
2026-01-30 07:18:34 - src.dubsmart.modules.cloning - INFO - Using gTTS fallback...
2026-01-30 07:18:35 - src.dubsmart.processor.mixer - INFO - Mixed audio saved to: output/verification/final_dub.wav
2026-01-30 10:38:48 - src.dubsmart.modules.transcription - INFO - Initializing Whisper model: tiny on cpu
2026-01-30 10:38:51 - src.dubsmart.modules.transcription - INFO - Transcribing audio: test_audio/short_test.wav
2026-01-30 10:40:11 - src.dubsmart.modules.transcription - INFO - Initializing Whisper model: tiny on cpu
2026-01-30 10:40:13 - src.dubsmart.modules.transcription - INFO - Transcribing audio: test_audio/short_test.wav
2026-01-30 10:40:15 - src.dubsmart.modules.transcription - INFO - Detected language: en
2026-01-30 10:40:27 - src.dubsmart.modules.translation - INFO - Translator initialized with method: m2m100
2026-01-30 10:40:27 - src.dubsmart.modules.translation - INFO - Translating 2 segments from en to es
2026-01-30 10:40:27 - src.dubsmart.modules.cloning - WARNING - TTS library not installed. Using EdgeTTS/gTTS fallback.
2026-01-30 10:40:27 - src.dubsmart.modules.cloning - INFO - Using EdgeTTS fallback for es...
2026-01-30 10:40:28 - src.dubsmart.modules.cloning - WARNING - TTS library not installed. Using EdgeTTS/gTTS fallback.
2026-01-30 10:40:28 - src.dubsmart.modules.cloning - INFO - Using EdgeTTS fallback for es...
2026-01-30 10:40:28 - src.dubsmart.processor.mixer - INFO - Mixed audio saved to: output/verification/final_dub.wav
2026-01-30 11:53:01 - src.dubsmart.modules.transcription - INFO - Initializing Whisper model: tiny on cpu
2026-01-30 11:53:06 - src.dubsmart.modules.transcription - INFO - Transcribing audio: test_audio/short_test.wav
2026-01-30 11:53:57 - src.dubsmart.modules.transcription - INFO - Initializing Whisper model: tiny on cpu
2026-01-30 11:53:59 - src.dubsmart.modules.transcription - INFO - Transcribing audio: test_audio/short_test.wav
2026-01-30 11:54:00 - src.dubsmart.modules.transcription - INFO - Detected language: en
2026-01-30 11:54:14 - src.dubsmart.modules.translation - INFO - Translator initialized with method: m2m100
2026-01-30 11:54:14 - src.dubsmart.modules.translation - INFO - Translating 2 segments from en to es
2026-01-30 11:54:14 - src.dubsmart.modules.cloning - WARNING - TTS library not installed. Using Smart EdgeTTS fallback.
2026-01-30 11:54:14 - src.dubsmart.modules.cloning - INFO - Using Smart EdgeTTS fallback for es...
2026-01-30 11:54:46 - src.dubsmart.modules.cloning - INFO - Detected average pitch: 736.30 Hz
2026-01-30 11:54:46 - src.dubsmart.modules.cloning - INFO - Matched input voice to gender: FEMALE
2026-01-30 11:54:46 - src.dubsmart.modules.cloning - INFO - Selected EdgeTTS Voice: es-ES-ElviraNeural
2026-01-30 11:54:47 - src.dubsmart.modules.cloning - WARNING - TTS library not installed. Using Smart EdgeTTS fallback.
2026-01-30 11:54:47 - src.dubsmart.modules.cloning - INFO - Using Smart EdgeTTS fallback for es...
2026-01-30 11:54:47 - src.dubsmart.modules.cloning - INFO - Detected average pitch: 736.30 Hz
2026-01-30 11:54:47 - src.dubsmart.modules.cloning - INFO - Matched input voice to gender: FEMALE
2026-01-30 11:54:47 - src.dubsmart.modules.cloning - INFO - Selected EdgeTTS Voice: es-ES-ElviraNeural
2026-01-30 11:54:47 - src.dubsmart.processor.mixer - INFO - Mixed audio saved to: output/verification/final_dub.wav
2026-02-05 09:33:39 - dubsmart.modules.transcription - INFO - Initializing Whisper model: small on cpu
2026-02-05 09:35:28 - dubsmart.modules.translation - INFO - Translator initialized with method: m2m100
2026-02-05 09:35:28 - dubsmart.core.pipeline - INFO - Starting pipeline for temp/3c693996-12b1-4e1d-9d46-2119e3db4402\voice.wav
2026-02-05 09:35:28 - dubsmart.modules.transcription - INFO - Transcribing audio: temp/3c693996-12b1-4e1d-9d46-2119e3db4402\voice.wav
2026-02-05 09:35:28 - dubsmart.api.logic - ERROR - Job 3c693996-12b1-4e1d-9d46-2119e3db4402 failed: [WinError 2] The system cannot find the file specified
2026-02-05 09:44:35 - dubsmart.modules.transcription - INFO - Initializing Whisper model: small on cpu
2026-02-05 09:44:44 - dubsmart.modules.translation - INFO - Translator initialized with method: m2m100
2026-02-05 09:44:44 - dubsmart.core.pipeline - INFO - Starting pipeline for temp/ea4bfcaf-8c10-4b89-90e0-b7a88d64a2ba\voice.wav
2026-02-05 09:44:44 - dubsmart.modules.transcription - INFO - Transcribing audio: temp/ea4bfcaf-8c10-4b89-90e0-b7a88d64a2ba\voice.wav
2026-02-05 09:44:44 - dubsmart.api.logic - ERROR - Job ea4bfcaf-8c10-4b89-90e0-b7a88d64a2ba failed: [WinError 2] The system cannot find the file specified
2026-02-05 09:46:31 - dubsmart.modules.transcription - INFO - Initializing Whisper model: small on cpu
2026-02-05 09:46:34 - dubsmart.modules.translation - INFO - Translator initialized with method: m2m100
2026-02-05 09:46:34 - dubsmart.core.pipeline - INFO - Starting pipeline for temp/d3ee59bf-9861-4dac-b480-c5ffc4a418d0\voice.wav
2026-02-05 09:46:34 - dubsmart.modules.transcription - INFO - Transcribing audio: temp/d3ee59bf-9861-4dac-b480-c5ffc4a418d0\voice.wav
2026-02-05 09:46:34 - dubsmart.api.logic - ERROR - Job d3ee59bf-9861-4dac-b480-c5ffc4a418d0 failed: [WinError 2] The system cannot find the file specified
2026-02-05 09:47:13 - dubsmart.modules.transcription - INFO - Initializing Whisper model: small on cpu
2026-02-05 09:47:16 - dubsmart.modules.translation - INFO - Translator initialized with method: m2m100
2026-02-05 09:47:16 - dubsmart.core.pipeline - INFO - Starting pipeline for temp/8c8dc74d-e331-4e76-b8d9-0fd2d96a37a1\voice.wav
2026-02-05 09:47:16 - dubsmart.modules.transcription - INFO - Transcribing audio: temp/8c8dc74d-e331-4e76-b8d9-0fd2d96a37a1\voice.wav
2026-02-05 09:47:16 - dubsmart.api.logic - ERROR - Job 8c8dc74d-e331-4e76-b8d9-0fd2d96a37a1 failed: [WinError 2] The system cannot find the file specified
2026-02-05 09:47:22 - dubsmart.modules.transcription - INFO - Initializing Whisper model: small on cpu
2026-02-05 09:47:24 - dubsmart.modules.translation - INFO - Translator initialized with method: m2m100
2026-02-05 09:47:24 - dubsmart.core.pipeline - INFO - Starting pipeline for temp/0519bf57-5534-4b4d-99a7-26924f83d5c3\voice.wav
2026-02-05 09:47:24 - dubsmart.modules.transcription - INFO - Transcribing audio: temp/0519bf57-5534-4b4d-99a7-26924f83d5c3\voice.wav
2026-02-05 09:47:24 - dubsmart.api.logic - ERROR - Job 0519bf57-5534-4b4d-99a7-26924f83d5c3 failed: [WinError 2] The system cannot find the file specified
2026-02-05 09:49:49 - dubsmart.modules.transcription - INFO - Initializing Whisper model: small on cpu
2026-02-05 09:49:57 - dubsmart.modules.translation - INFO - Translator initialized with method: m2m100
2026-02-05 09:49:57 - dubsmart.core.pipeline - INFO - Starting pipeline for temp/450cf39f-e5d9-41a8-916d-58f15ddf2887\voice.wav
2026-02-05 09:49:57 - dubsmart.modules.transcription - INFO - Transcribing audio: temp/450cf39f-e5d9-41a8-916d-58f15ddf2887\voice.wav
2026-02-05 09:49:57 - dubsmart.api.logic - ERROR - Job 450cf39f-e5d9-41a8-916d-58f15ddf2887 failed: [WinError 2] The system cannot find the file specified
2026-02-07 21:39:23 - dubsmart.modules.transcription - INFO - Initializing Whisper model: small on cpu
2026-02-07 21:40:01 - dubsmart.modules.translation - INFO - Translator initialized with method: m2m100
2026-02-07 21:40:01 - dubsmart.core.pipeline - INFO - Starting pipeline for temp/35de2336-156d-4d8e-9ace-bbe578bea792\voice.wav
2026-02-07 21:40:01 - dubsmart.modules.transcription - INFO - Transcribing audio: temp/35de2336-156d-4d8e-9ace-bbe578bea792\voice.wav
2026-02-07 21:40:08 - dubsmart.modules.transcription - INFO - Detected language: en
2026-02-07 21:40:08 - dubsmart.core.pipeline - INFO - Auto-detected source language as: en
2026-02-07 21:40:08 - dubsmart.modules.diarization - INFO - Diarizing audio: temp/35de2336-156d-4d8e-9ace-bbe578bea792\voice.wav
2026-02-07 21:40:08 - dubsmart.modules.translation - INFO - Translating 1 segments from en to hi
2026-02-07 21:46:19 - dubsmart.modules.cloning - WARNING - TTS library not installed. Using Smart EdgeTTS fallback.
2026-02-07 21:46:19 - dubsmart.modules.cloning - INFO - Using Smart EdgeTTS fallback for hi...
2026-02-07 21:46:43 - dubsmart.modules.cloning - INFO - Detected average pitch: 1155.71 Hz
2026-02-07 21:46:43 - dubsmart.modules.cloning - INFO - Matched input voice to gender: FEMALE
2026-02-07 21:46:43 - dubsmart.modules.cloning - INFO - Selected EdgeTTS Voice: hi-IN-SwaraNeural
2026-02-07 21:46:59 - dubsmart.core.pipeline - INFO - Synthesized 1/1 segments
2026-02-07 21:47:00 - dubsmart.processor.mixer - INFO - Mixed audio saved to: output/dubbed_35de2336-156d-4d8e-9ace-bbe578bea792_hi.wav
2026-02-08 08:49:43 - dubsmart.modules.transcription - INFO - Initializing Whisper model: small on cpu
2026-02-08 08:51:21 - dubsmart.modules.translation - INFO - Translator initialized with method: m2m100
2026-02-08 08:51:21 - dubsmart.core.pipeline - INFO - Starting pipeline for temp/e4a50557-71d7-4f01-883a-2af3fef0b425\voice.wav
2026-02-08 08:51:21 - dubsmart.modules.transcription - INFO - Transcribing audio: temp/e4a50557-71d7-4f01-883a-2af3fef0b425\voice.wav
2026-02-08 08:51:31 - dubsmart.modules.transcription - INFO - Detected language: en
2026-02-08 08:51:31 - dubsmart.core.pipeline - INFO - Auto-detected source language as: en
2026-02-08 08:51:31 - dubsmart.modules.diarization - INFO - Diarizing audio: temp/e4a50557-71d7-4f01-883a-2af3fef0b425\voice.wav
2026-02-08 08:51:31 - dubsmart.modules.translation - INFO - Translating 1 segments from en to te
2026-02-08 08:51:44 - dubsmart.api.logic - ERROR - Job e4a50557-71d7-4f01-883a-2af3fef0b425 failed: 'te'
2026-02-08 09:03:35 - dubsmart.modules.translation - INFO - Translator initialized with method: m2m100
2026-02-08 09:04:42 - dubsmart.modules.translation - INFO - Translator initialized with method: None
2026-02-08 09:04:42 - dubsmart.modules.translation - INFO - Loading NLLB model: facebook/nllb-200-distilled-600M
2026-02-08 09:07:03 - dubsmart.modules.translation - INFO - Translator initialized with method: None
2026-02-08 09:07:03 - dubsmart.modules.translation - INFO - Loading NLLB model: facebook/nllb-200-distilled-600M
2026-02-08 09:12:04 - dubsmart.modules.transcription - INFO - Initializing Whisper model: small on cpu
2026-02-08 09:12:06 - dubsmart.api.logic - ERROR - Job 0f71d040-0e46-4286-9bf9-9730d338741b failed: [Errno 22] Invalid argument
2026-02-08 09:12:23 - dubsmart.modules.transcription - INFO - Initializing Whisper model: small on cpu
2026-02-08 09:12:50 - dubsmart.modules.translation - INFO - Translator initialized with method: None
2026-02-08 09:12:50 - dubsmart.core.pipeline - INFO - Starting pipeline for temp/250413ba-39ad-43b3-bc9b-9dccfcc5eba1\voice.wav
2026-02-08 09:12:50 - dubsmart.modules.transcription - INFO - Transcribing audio: temp/250413ba-39ad-43b3-bc9b-9dccfcc5eba1\voice.wav
2026-02-08 09:13:09 - dubsmart.modules.transcription - INFO - Detected language: en
2026-02-08 09:13:09 - dubsmart.core.pipeline - INFO - Auto-detected source language as: en
2026-02-08 09:13:09 - dubsmart.modules.diarization - INFO - Diarizing audio: temp/250413ba-39ad-43b3-bc9b-9dccfcc5eba1\voice.wav
2026-02-08 09:13:09 - dubsmart.modules.translation - INFO - Translating 1 segments from en to hi
2026-02-08 09:13:09 - dubsmart.modules.translation - INFO - Loading NLLB model: facebook/nllb-200-distilled-600M
2026-02-08 09:13:32 - dubsmart.api.logic - ERROR - Job 250413ba-39ad-43b3-bc9b-9dccfcc5eba1 failed: TokenizersBackend has no attribute lang_code_to_id
2026-02-08 09:28:24 - dubsmart.modules.transcription - INFO - Initializing Whisper model: small on cpu
2026-02-08 09:28:45 - dubsmart.modules.translation - INFO - Translator initialized with method: None
2026-02-08 09:28:45 - dubsmart.core.pipeline - INFO - Starting pipeline for temp/d57e4750-6339-4fa5-82b8-24ce032ce48d\voice.wav
2026-02-08 09:28:45 - dubsmart.modules.transcription - INFO - Transcribing audio: temp/d57e4750-6339-4fa5-82b8-24ce032ce48d\voice.wav
2026-02-08 09:28:57 - dubsmart.modules.transcription - INFO - Detected language: en
2026-02-08 09:28:57 - dubsmart.core.pipeline - INFO - Auto-detected source language as: en
2026-02-08 09:28:57 - dubsmart.modules.diarization - INFO - Diarizing audio: temp/d57e4750-6339-4fa5-82b8-24ce032ce48d\voice.wav
2026-02-08 09:28:57 - dubsmart.modules.translation - INFO - Translating 1 segments from en to hi
2026-02-08 09:28:57 - dubsmart.modules.translation - INFO - Loading NLLB model: facebook/nllb-200-distilled-600M
2026-02-08 09:29:11 - dubsmart.api.logic - ERROR - Job d57e4750-6339-4fa5-82b8-24ce032ce48d failed: TokenizersBackend has no attribute lang_code_to_id
2026-02-08 09:30:53 - dubsmart.modules.translation - INFO - Translator initialized with method: None
2026-02-08 09:30:53 - dubsmart.modules.translation - INFO - Loading NLLB model: facebook/nllb-200-distilled-600M
2026-02-08 09:32:23 - dubsmart.modules.translation - INFO - Translator initialized with method: None
2026-02-08 09:32:23 - dubsmart.modules.translation - INFO - Loading NLLB model: facebook/nllb-200-distilled-600M
2026-02-08 09:35:27 - dubsmart.modules.translation - INFO - Translator initialized with method: None
2026-02-08 09:35:27 - dubsmart.modules.translation - INFO - Loading NLLB model: facebook/nllb-200-distilled-600M
2026-02-08 09:36:49 - dubsmart.modules.transcription - INFO - Initializing Whisper model: small on cpu
2026-02-08 09:37:00 - dubsmart.modules.translation - INFO - Translator initialized with method: None
2026-02-08 09:37:00 - dubsmart.core.pipeline - INFO - Starting pipeline for temp/1c47b289-22ca-472f-acb4-7c3c20323f2e\voice.wav
2026-02-08 09:37:00 - dubsmart.modules.transcription - INFO - Transcribing audio: temp/1c47b289-22ca-472f-acb4-7c3c20323f2e\voice.wav
2026-02-08 09:37:16 - dubsmart.modules.transcription - INFO - Detected language: en
2026-02-08 09:37:16 - dubsmart.core.pipeline - INFO - Auto-detected source language as: en
2026-02-08 09:37:16 - dubsmart.modules.diarization - INFO - Diarizing audio: temp/1c47b289-22ca-472f-acb4-7c3c20323f2e\voice.wav
2026-02-08 09:37:16 - dubsmart.modules.translation - INFO - Translating 1 segments from en to hi
2026-02-08 09:37:16 - dubsmart.modules.translation - INFO - Loading NLLB model: facebook/nllb-200-distilled-600M
2026-02-08 09:37:25 - dubsmart.api.logic - ERROR - Job 1c47b289-22ca-472f-acb4-7c3c20323f2e failed: TokenizersBackend has no attribute lang_code_to_id
2026-02-08 12:57:51 - dubsmart.modules.transcription - INFO - Initializing Whisper model: small on cpu
2026-02-08 12:58:02 - dubsmart.modules.translation - INFO - Translator initialized with method: None
2026-02-08 12:58:02 - dubsmart.core.pipeline - INFO - Starting pipeline for temp/43eb13cd-1353-49d1-be8f-0c144c914e94\voice.wav
2026-02-08 12:58:02 - dubsmart.modules.transcription - INFO - Transcribing audio: temp/43eb13cd-1353-49d1-be8f-0c144c914e94\voice.wav
2026-02-08 12:58:08 - dubsmart.modules.transcription - INFO - Detected language: en
2026-02-08 12:58:08 - dubsmart.core.pipeline - INFO - Auto-detected source language as: en
2026-02-08 12:58:08 - dubsmart.modules.diarization - INFO - Diarizing audio: temp/43eb13cd-1353-49d1-be8f-0c144c914e94\voice.wav
2026-02-08 12:58:08 - dubsmart.modules.translation - INFO - Translating 1 segments from en to hi
2026-02-08 12:58:08 - dubsmart.modules.translation - INFO - Loading NLLB model: facebook/nllb-200-distilled-600M
2026-02-08 12:58:22 - dubsmart.modules.cloning - WARNING - TTS library not installed. Using Smart EdgeTTS fallback.
2026-02-08 12:58:22 - dubsmart.modules.cloning - INFO - Using Smart EdgeTTS fallback for hi...
2026-02-08 12:58:26 - dubsmart.modules.cloning - INFO - Detected average pitch: 1155.71 Hz
2026-02-08 12:58:26 - dubsmart.modules.cloning - INFO - Matched input voice to gender: FEMALE
2026-02-08 12:58:26 - dubsmart.modules.cloning - INFO - Selected EdgeTTS Voice: hi-IN-SwaraNeural
2026-02-08 12:58:32 - dubsmart.core.pipeline - INFO - Synthesized 1/1 segments
2026-02-08 12:58:32 - dubsmart.processor.mixer - INFO - Mixed audio saved to: output/dubbed_43eb13cd-1353-49d1-be8f-0c144c914e94_hi.wav
2026-02-08 13:12:33 - dubsmart.modules.transcription - INFO - Initializing Whisper model: small on cpu
2026-02-08 13:12:41 - dubsmart.modules.translation - INFO - Translator initialized with method: None
2026-02-08 13:12:41 - dubsmart.core.pipeline - INFO - Starting pipeline for temp/118bb314-eee3-4ea2-9cdc-dcf69b6503da\voice.wav
2026-02-08 13:12:41 - dubsmart.modules.transcription - INFO - Transcribing audio: temp/118bb314-eee3-4ea2-9cdc-dcf69b6503da\voice.wav
2026-02-08 13:12:47 - dubsmart.modules.transcription - INFO - Detected language: en
2026-02-08 13:12:47 - dubsmart.core.pipeline - INFO - Auto-detected source language as: en
2026-02-08 13:12:47 - dubsmart.modules.diarization - INFO - Diarizing audio: temp/118bb314-eee3-4ea2-9cdc-dcf69b6503da\voice.wav
2026-02-08 13:12:47 - dubsmart.modules.translation - INFO - Translating 1 segments from en to hi
2026-02-08 13:12:47 - dubsmart.modules.translation - INFO - Loading NLLB model: facebook/nllb-200-distilled-600M
2026-02-08 13:13:02 - dubsmart.modules.cloning - WARNING - TTS library not installed. Using Smart EdgeTTS fallback.
2026-02-08 13:13:02 - dubsmart.modules.cloning - INFO - Using Smart EdgeTTS fallback for hi...
2026-02-08 13:13:02 - dubsmart.modules.cloning - INFO - Detected average pitch: 1155.71 Hz
2026-02-08 13:13:02 - dubsmart.modules.cloning - INFO - Matched input voice to gender: FEMALE
2026-02-08 13:13:02 - dubsmart.modules.cloning - INFO - Selected EdgeTTS Voice: hi-IN-SwaraNeural
2026-02-08 13:13:07 - dubsmart.core.pipeline - INFO - Synthesized 1/1 segments
2026-02-08 13:13:07 - dubsmart.processor.mixer - INFO - Mixed audio saved to: output/dubbed_118bb314-eee3-4ea2-9cdc-dcf69b6503da_hi.wav
2026-02-08 13:28:38 - dubsmart.modules.transcription - INFO - Initializing Whisper model: small on cpu
2026-02-08 13:28:42 - dubsmart.modules.translation - INFO - Translator initialized with method: None
2026-02-08 13:28:42 - dubsmart.core.pipeline - INFO - Starting pipeline for temp/871dde48-4d84-4635-a247-31bb3ffcc64e\voice.wav
2026-02-08 13:28:42 - dubsmart.modules.transcription - INFO - Transcribing audio: temp/871dde48-4d84-4635-a247-31bb3ffcc64e\voice.wav
2026-02-08 13:28:49 - dubsmart.modules.transcription - INFO - Detected language: en
2026-02-08 13:28:49 - dubsmart.core.pipeline - INFO - Auto-detected source language as: en
2026-02-08 13:28:49 - dubsmart.modules.diarization - INFO - Diarizing audio: temp/871dde48-4d84-4635-a247-31bb3ffcc64e\voice.wav
2026-02-08 13:28:49 - dubsmart.modules.translation - INFO - Translating 1 segments from en to hi
2026-02-08 13:28:49 - dubsmart.modules.translation - INFO - Loading NLLB model: facebook/nllb-200-distilled-600M
2026-02-08 13:29:04 - dubsmart.modules.cloning - WARNING - TTS library not installed. Using Smart EdgeTTS fallback.
2026-02-08 13:29:04 - dubsmart.modules.cloning - INFO - Using Smart EdgeTTS fallback for hi...
2026-02-08 13:29:04 - dubsmart.modules.cloning - INFO - Detected average pitch: 1155.71 Hz
2026-02-08 13:29:04 - dubsmart.modules.cloning - INFO - Matched input voice to gender: FEMALE
2026-02-08 13:29:04 - dubsmart.modules.cloning - INFO - Selected EdgeTTS Voice: hi-IN-SwaraNeural
2026-02-08 13:29:08 - dubsmart.core.pipeline - INFO - Synthesized 1/1 segments
2026-02-08 13:29:09 - dubsmart.processor.mixer - INFO - Mixed audio saved to: output/dubbed_871dde48-4d84-4635-a247-31bb3ffcc64e_hi.wav
2026-02-08 13:36:45 - dubsmart.modules.transcription - INFO - Initializing Whisper model: small on cpu
2026-02-08 13:37:33 - dubsmart.modules.translation - INFO - Translator initialized with method: None
2026-02-08 13:37:33 - dubsmart.core.pipeline - INFO - Starting pipeline for temp/b8cf7f14-7df0-489f-9d95-f8ef8d7cf0bb\voice.wav
2026-02-08 13:37:33 - dubsmart.modules.transcription - INFO - Transcribing audio: temp/b8cf7f14-7df0-489f-9d95-f8ef8d7cf0bb\voice.wav
2026-02-08 13:37:39 - dubsmart.modules.transcription - INFO - Detected language: en
2026-02-08 13:37:39 - dubsmart.core.pipeline - INFO - Auto-detected source language as: en
2026-02-08 13:37:39 - dubsmart.modules.diarization - INFO - Diarizing audio: temp/b8cf7f14-7df0-489f-9d95-f8ef8d7cf0bb\voice.wav
2026-02-08 13:37:39 - dubsmart.modules.translation - INFO - Translating 1 segments from en to hi
2026-02-08 13:37:39 - dubsmart.modules.translation - INFO - Loading NLLB model: facebook/nllb-200-distilled-600M
2026-02-08 13:38:01 - dubsmart.modules.cloning - INFO - Loading Coqui XTTS-v2 model (Lazy Load)...
2026-02-08 13:59:40 - dubsmart.modules.transcription - INFO - Initializing Whisper model: small on cpu
2026-02-08 14:00:11 - dubsmart.modules.translation - INFO - Translator initialized with method: None
2026-02-08 14:00:11 - dubsmart.core.pipeline - INFO - Starting pipeline for temp/6f8df91a-5c16-4056-8870-fb6762872b79\voice.wav
2026-02-08 14:00:11 - dubsmart.modules.transcription - INFO - Transcribing audio: temp/6f8df91a-5c16-4056-8870-fb6762872b79\voice.wav
2026-02-08 14:00:18 - dubsmart.modules.transcription - INFO - Detected language: en
2026-02-08 14:00:18 - dubsmart.core.pipeline - INFO - Auto-detected source language as: en
2026-02-08 14:00:18 - dubsmart.modules.diarization - INFO - Diarizing audio: temp/6f8df91a-5c16-4056-8870-fb6762872b79\voice.wav
2026-02-08 14:00:18 - dubsmart.modules.translation - INFO - Translating 1 segments from en to hi
2026-02-08 14:00:18 - dubsmart.modules.translation - INFO - Loading NLLB model: facebook/nllb-200-distilled-600M
2026-02-08 14:00:42 - dubsmart.modules.cloning - INFO - Loading Coqui XTTS-v2 model (Lazy Load)...
2026-02-08 14:12:04 - dubsmart.modules.cloning - ERROR - Failed to load Coqui model: cannot import name 'BeamSearchScorer' from 'transformers' (D:\dubsmart_ai\AweTalesdub-ai\.venv\lib\site-packages\transformers\__init__.py)
2026-02-08 14:12:04 - dubsmart.modules.cloning - INFO - Model loading failed, will use fallback synthesis
2026-02-08 14:12:04 - dubsmart.modules.cloning - INFO - Using Smart EdgeTTS fallback for hi...
2026-02-08 14:12:04 - dubsmart.modules.cloning - INFO - Detected average pitch: 1155.71 Hz
2026-02-08 14:12:04 - dubsmart.modules.cloning - INFO - Matched input voice to gender: FEMALE
2026-02-08 14:12:04 - dubsmart.modules.cloning - INFO - Selected EdgeTTS Voice: hi-IN-SwaraNeural
2026-02-08 14:12:09 - dubsmart.core.pipeline - INFO - Synthesized 1/1 segments
2026-02-08 14:12:10 - dubsmart.processor.mixer - INFO - Mixed audio saved to: output/dubbed_6f8df91a-5c16-4056-8870-fb6762872b79_hi.wav
2026-02-08 14:20:20 - dubsmart.modules.transcription - INFO - Initializing Whisper model: small on cpu
2026-02-08 14:20:25 - dubsmart.modules.translation - INFO - Translator initialized with method: None
2026-02-08 14:20:25 - dubsmart.core.pipeline - INFO - Starting pipeline for temp/c44be384-1d6f-4604-8504-f6d54d03f1f0\voice.wav
2026-02-08 14:20:25 - dubsmart.modules.transcription - INFO - Transcribing audio: temp/c44be384-1d6f-4604-8504-f6d54d03f1f0\voice.wav
2026-02-08 14:20:32 - dubsmart.modules.transcription - INFO - Detected language: en
2026-02-08 14:20:32 - dubsmart.core.pipeline - INFO - Auto-detected source language as: en
2026-02-08 14:20:32 - dubsmart.modules.diarization - INFO - Diarizing audio: temp/c44be384-1d6f-4604-8504-f6d54d03f1f0\voice.wav
2026-02-08 14:20:32 - dubsmart.modules.translation - INFO - Translating 1 segments from en to hi
2026-02-08 14:20:32 - dubsmart.modules.translation - INFO - Loading NLLB model: facebook/nllb-200-distilled-600M
2026-02-08 14:20:45 - dubsmart.modules.cloning - INFO - Loading Coqui XTTS-v2 model (Lazy Load)...
2026-02-08 14:20:46 - dubsmart.modules.cloning - ERROR - Failed to load Coqui model: cannot import name 'BeamSearchScorer' from 'transformers' (D:\dubsmart_ai\AweTalesdub-ai\.venv\lib\site-packages\transformers\__init__.py)
2026-02-08 14:20:46 - dubsmart.modules.cloning - INFO - Model loading failed, will use fallback synthesis
2026-02-08 14:20:46 - dubsmart.modules.cloning - INFO - Using Smart EdgeTTS fallback for hi...
2026-02-08 14:20:47 - dubsmart.modules.cloning - INFO - Detected average pitch: 1155.71 Hz
2026-02-08 14:20:47 - dubsmart.modules.cloning - INFO - Matched input voice to gender: FEMALE
2026-02-08 14:20:47 - dubsmart.modules.cloning - INFO - Selected EdgeTTS Voice: hi-IN-SwaraNeural
2026-02-08 14:20:51 - dubsmart.core.pipeline - INFO - Synthesized 1/1 segments
2026-02-08 14:20:51 - dubsmart.processor.mixer - INFO - Mixed audio saved to: output/dubbed_c44be384-1d6f-4604-8504-f6d54d03f1f0_hi.wav
2026-02-08 14:24:46 - dubsmart.modules.transcription - INFO - Initializing Whisper model: small on cpu
2026-02-08 14:24:55 - dubsmart.modules.translation - INFO - Translator initialized with method: None
2026-02-08 14:24:55 - dubsmart.core.pipeline - INFO - Starting pipeline for temp/b216ba58-16bf-43eb-a815-b9fc7d3c225b\voice.wav
2026-02-08 14:24:55 - dubsmart.modules.transcription - INFO - Transcribing audio: temp/b216ba58-16bf-43eb-a815-b9fc7d3c225b\voice.wav
2026-02-08 14:25:01 - dubsmart.modules.transcription - INFO - Detected language: en
2026-02-08 14:25:01 - dubsmart.core.pipeline - INFO - Auto-detected source language as: en
2026-02-08 14:25:01 - dubsmart.modules.diarization - INFO - Diarizing audio: temp/b216ba58-16bf-43eb-a815-b9fc7d3c225b\voice.wav
2026-02-08 14:25:01 - dubsmart.modules.translation - INFO - Translating 1 segments from en to hi
2026-02-08 14:25:01 - dubsmart.modules.translation - INFO - Loading NLLB model: facebook/nllb-200-distilled-600M
2026-02-08 14:25:31 - dubsmart.modules.cloning - INFO - Loading Coqui XTTS-v2 model (Lazy Load)...
2026-02-08 14:25:58 - dubsmart.modules.cloning - ERROR - Failed to load Coqui model: Weights only load failed. This file can still be loaded, to do so you have two options, [1mdo those steps only if you trust the source of the checkpoint[0m. 
	(1) In PyTorch 2.6, we changed the default value of the `weights_only` argument in `torch.load` from `False` to `True`. Re-running `torch.load` with `weights_only` set to `False` will likely succeed, but it can result in arbitrary code execution. Do it only if you got the file from a trusted source.
	(2) Alternatively, to load with `weights_only=True` please check the recommended steps in the following error message.
	WeightsUnpickler error: Unsupported global: GLOBAL TTS.tts.configs.xtts_config.XttsConfig was not an allowed global by default. Please use `torch.serialization.add_safe_globals([TTS.tts.configs.xtts_config.XttsConfig])` or the `torch.serialization.safe_globals([TTS.tts.configs.xtts_config.XttsConfig])` context manager to allowlist this global if you trust this class/function.

Check the documentation of torch.load to learn more about types accepted by default with weights_only https://pytorch.org/docs/stable/generated/torch.load.html.
2026-02-08 14:25:58 - dubsmart.modules.cloning - INFO - Model loading failed, will use fallback synthesis
2026-02-08 14:25:58 - dubsmart.modules.cloning - INFO - Using Smart EdgeTTS fallback for hi...
2026-02-08 14:25:58 - dubsmart.modules.cloning - INFO - Detected average pitch: 1155.71 Hz
2026-02-08 14:25:58 - dubsmart.modules.cloning - INFO - Matched input voice to gender: FEMALE
2026-02-08 14:25:58 - dubsmart.modules.cloning - INFO - Selected EdgeTTS Voice: hi-IN-SwaraNeural
2026-02-08 14:26:03 - dubsmart.core.pipeline - INFO - Synthesized 1/1 segments
2026-02-08 14:26:03 - dubsmart.processor.mixer - INFO - Mixed audio saved to: output/dubbed_b216ba58-16bf-43eb-a815-b9fc7d3c225b_hi.wav
2026-02-08 14:33:19 - dubsmart.modules.transcription - INFO - Initializing Whisper model: small on cpu
2026-02-08 14:33:23 - dubsmart.modules.translation - INFO - Translator initialized with method: None
2026-02-08 14:33:23 - dubsmart.core.pipeline - INFO - Starting pipeline for temp/f5575ecf-6391-4dcf-b578-a45a3ea94091\voice.wav
2026-02-08 14:33:23 - dubsmart.modules.transcription - INFO - Transcribing audio: temp/f5575ecf-6391-4dcf-b578-a45a3ea94091\voice.wav
2026-02-08 14:33:29 - dubsmart.modules.transcription - INFO - Detected language: en
2026-02-08 14:33:29 - dubsmart.core.pipeline - INFO - Auto-detected source language as: en
2026-02-08 14:33:29 - dubsmart.modules.diarization - INFO - Diarizing audio: temp/f5575ecf-6391-4dcf-b578-a45a3ea94091\voice.wav
2026-02-08 14:33:29 - dubsmart.modules.translation - INFO - Translating 1 segments from en to hi
2026-02-08 14:33:29 - dubsmart.modules.translation - INFO - Loading NLLB model: facebook/nllb-200-distilled-600M
2026-02-08 14:33:55 - dubsmart.modules.cloning - INFO - Loading Coqui XTTS-v2 model (Lazy Load)...
2026-02-08 14:34:18 - dubsmart.modules.cloning - ERROR - XTTS synthesis failed: Could not load libtorchcodec. Likely causes:
          1. FFmpeg is not properly installed in your environment. We support
             versions 4, 5, 6, 7, and 8, and we attempt to load libtorchcodec
             for each of those versions. Errors for versions not installed on
             your system are expected; only the error for your installed FFmpeg
             version is relevant. On Windows, ensure you've installed the
             "full-shared" version which ships DLLs.
          2. The PyTorch version (2.10.0+cpu) is not compatible with
             this version of TorchCodec. Refer to the version compatibility
             table:
             https://github.com/pytorch/torchcodec?tab=readme-ov-file#installing-torchcodec.
          3. Another runtime dependency; see exceptions below.

        The following exceptions were raised as we tried to load libtorchcodec:
        
[start of libtorchcodec loading traceback]
FFmpeg version 8:
Traceback (most recent call last):
  File "D:\dubsmart_ai\AweTalesdub-ai\.venv\lib\site-packages\torch\_ops.py", line 1442, in load_library
    ctypes.CDLL(path)
  File "C:\Users\Aashritha\AppData\Roaming\uv\python\cpython-3.10.19-windows-x86_64-none\lib\ctypes\__init__.py", line 374, in __init__
    self._handle = _dlopen(self._name, mode)
FileNotFoundError: Could not find module 'D:\dubsmart_ai\AweTalesdub-ai\.venv\Lib\site-packages\torchcodec\libtorchcodec_core8.dll' (or one of its dependencies). Try using the full path with constructor syntax.

The above exception was the direct cause of the following exception:

Traceback (most recent call last):
  File "D:\dubsmart_ai\AweTalesdub-ai\.venv\lib\site-packages\torchcodec\_core\ops.py", line 57, in load_torchcodec_shared_libraries
    torch.ops.load_library(core_library_path)
  File "D:\dubsmart_ai\AweTalesdub-ai\.venv\lib\site-packages\torch\_ops.py", line 1444, in load_library
    raise OSError(f"Could not load this library: {path}") from e
OSError: Could not load this library: D:\dubsmart_ai\AweTalesdub-ai\.venv\Lib\site-packages\torchcodec\libtorchcodec_core8.dll

FFmpeg version 7:
Traceback (most recent call last):
  File "D:\dubsmart_ai\AweTalesdub-ai\.venv\lib\site-packages\torch\_ops.py", line 1442, in load_library
    ctypes.CDLL(path)
  File "C:\Users\Aashritha\AppData\Roaming\uv\python\cpython-3.10.19-windows-x86_64-none\lib\ctypes\__init__.py", line 374, in __init__
    self._handle = _dlopen(self._name, mode)
FileNotFoundError: Could not find module 'D:\dubsmart_ai\AweTalesdub-ai\.venv\Lib\site-packages\torchcodec\libtorchcodec_core7.dll' (or one of its dependencies). Try using the full path with constructor syntax.

The above exception was the direct cause of the following exception:

Traceback (most recent call last):
  File "D:\dubsmart_ai\AweTalesdub-ai\.venv\lib\site-packages\torchcodec\_core\ops.py", line 57, in load_torchcodec_shared_libraries
    torch.ops.load_library(core_library_path)
  File "D:\dubsmart_ai\AweTalesdub-ai\.venv\lib\site-packages\torch\_ops.py", line 1444, in load_library
    raise OSError(f"Could not load this library: {path}") from e
OSError: Could not load this library: D:\dubsmart_ai\AweTalesdub-ai\.venv\Lib\site-packages\torchcodec\libtorchcodec_core7.dll

FFmpeg version 6:
Traceback (most recent call last):
  File "D:\dubsmart_ai\AweTalesdub-ai\.venv\lib\site-packages\torch\_ops.py", line 1442, in load_library
    ctypes.CDLL(path)
  File "C:\Users\Aashritha\AppData\Roaming\uv\python\cpython-3.10.19-windows-x86_64-none\lib\ctypes\__init__.py", line 374, in __init__
    self._handle = _dlopen(self._name, mode)
FileNotFoundError: Could not find module 'D:\dubsmart_ai\AweTalesdub-ai\.venv\Lib\site-packages\torchcodec\libtorchcodec_core6.dll' (or one of its dependencies). Try using the full path with constructor syntax.

The above exception was the direct cause of the following exception:

Traceback (most recent call last):
  File "D:\dubsmart_ai\AweTalesdub-ai\.venv\lib\site-packages\torchcodec\_core\ops.py", line 57, in load_torchcodec_shared_libraries
    torch.ops.load_library(core_library_path)
  File "D:\dubsmart_ai\AweTalesdub-ai\.venv\lib\site-packages\torch\_ops.py", line 1444, in load_library
    raise OSError(f"Could not load this library: {path}") from e
OSError: Could not load this library: D:\dubsmart_ai\AweTalesdub-ai\.venv\Lib\site-packages\torchcodec\libtorchcodec_core6.dll

FFmpeg version 5:
Traceback (most recent call last):
  File "D:\dubsmart_ai\AweTalesdub-ai\.venv\lib\site-packages\torch\_ops.py", line 1442, in load_library
    ctypes.CDLL(path)
  File "C:\Users\Aashritha\AppData\Roaming\uv\python\cpython-3.10.19-windows-x86_64-none\lib\ctypes\__init__.py", line 374, in __init__
    self._handle = _dlopen(self._name, mode)
FileNotFoundError: Could not find module 'D:\dubsmart_ai\AweTalesdub-ai\.venv\Lib\site-packages\torchcodec\libtorchcodec_core5.dll' (or one of its dependencies). Try using the full path with constructor syntax.

The above exception was the direct cause of the following exception:

Traceback (most recent call last):
  File "D:\dubsmart_ai\AweTalesdub-ai\.venv\lib\site-packages\torchcodec\_core\ops.py", line 57, in load_torchcodec_shared_libraries
    torch.ops.load_library(core_library_path)
  File "D:\dubsmart_ai\AweTalesdub-ai\.venv\lib\site-packages\torch\_ops.py", line 1444, in load_library
    raise OSError(f"Could not load this library: {path}") from e
OSError: Could not load this library: D:\dubsmart_ai\AweTalesdub-ai\.venv\Lib\site-packages\torchcodec\libtorchcodec_core5.dll

FFmpeg version 4:
Traceback (most recent call last):
  File "D:\dubsmart_ai\AweTalesdub-ai\.venv\lib\site-packages\torch\_ops.py", line 1442, in load_library
    ctypes.CDLL(path)
  File "C:\Users\Aashritha\AppData\Roaming\uv\python\cpython-3.10.19-windows-x86_64-none\lib\ctypes\__init__.py", line 374, in __init__
    self._handle = _dlopen(self._name, mode)
FileNotFoundError: Could not find module 'D:\dubsmart_ai\AweTalesdub-ai\.venv\Lib\site-packages\torchcodec\libtorchcodec_core4.dll' (or one of its dependencies). Try using the full path with constructor syntax.

The above exception was the direct cause of the following exception:

Traceback (most recent call last):
  File "D:\dubsmart_ai\AweTalesdub-ai\.venv\lib\site-packages\torchcodec\_core\ops.py", line 57, in load_torchcodec_shared_libraries
    torch.ops.load_library(core_library_path)
  File "D:\dubsmart_ai\AweTalesdub-ai\.venv\lib\site-packages\torch\_ops.py", line 1444, in load_library
    raise OSError(f"Could not load this library: {path}") from e
OSError: Could not load this library: D:\dubsmart_ai\AweTalesdub-ai\.venv\Lib\site-packages\torchcodec\libtorchcodec_core4.dll
[end of libtorchcodec loading traceback].. Switching to Smart EdgeTTS fallback.
2026-02-08 14:34:18 - dubsmart.modules.cloning - INFO - Using Smart EdgeTTS fallback for hi...
2026-02-08 14:34:18 - dubsmart.modules.cloning - INFO - Detected average pitch: 1155.71 Hz
2026-02-08 14:34:18 - dubsmart.modules.cloning - INFO - Matched input voice to gender: FEMALE
2026-02-08 14:34:18 - dubsmart.modules.cloning - INFO - Selected EdgeTTS Voice: hi-IN-SwaraNeural
2026-02-08 14:34:23 - dubsmart.core.pipeline - INFO - Synthesized 1/1 segments
2026-02-08 14:34:24 - dubsmart.processor.mixer - INFO - Mixed audio saved to: output/dubbed_f5575ecf-6391-4dcf-b578-a45a3ea94091_hi.wav
2026-02-08 14:38:28 - dubsmart.modules.transcription - INFO - Initializing Whisper model: small on cpu
2026-02-08 14:38:32 - dubsmart.modules.translation - INFO - Translator initialized with method: None
2026-02-08 14:38:32 - dubsmart.core.pipeline - INFO - Starting pipeline for temp/bcc46541-0d0e-4af3-a66b-e470aa60719e\voice.wav
2026-02-08 14:38:32 - dubsmart.modules.transcription - INFO - Transcribing audio: temp/bcc46541-0d0e-4af3-a66b-e470aa60719e\voice.wav
2026-02-08 14:38:38 - dubsmart.modules.transcription - INFO - Detected language: en
2026-02-08 14:38:38 - dubsmart.core.pipeline - INFO - Auto-detected source language as: en
2026-02-08 14:38:38 - dubsmart.modules.diarization - INFO - Diarizing audio: temp/bcc46541-0d0e-4af3-a66b-e470aa60719e\voice.wav
2026-02-08 14:38:38 - dubsmart.modules.translation - INFO - Translating 1 segments from en to hi
2026-02-08 14:38:38 - dubsmart.modules.translation - INFO - Loading NLLB model: facebook/nllb-200-distilled-600M
2026-02-08 14:39:01 - dubsmart.modules.cloning - INFO - Loading Coqui XTTS-v2 model (Lazy Load)...
2026-02-08 14:39:29 - dubsmart.modules.cloning - ERROR - XTTS synthesis failed: TorchCodec is required for load_with_torchcodec. Please install torchcodec to use this function.. Switching to Smart EdgeTTS fallback.
2026-02-08 14:39:29 - dubsmart.modules.cloning - INFO - Using Smart EdgeTTS fallback for hi...
2026-02-08 14:39:30 - dubsmart.modules.cloning - INFO - Detected average pitch: 1155.71 Hz
2026-02-08 14:39:30 - dubsmart.modules.cloning - INFO - Matched input voice to gender: FEMALE
2026-02-08 14:39:30 - dubsmart.modules.cloning - INFO - Selected EdgeTTS Voice: hi-IN-SwaraNeural
2026-02-08 14:39:33 - dubsmart.core.pipeline - INFO - Synthesized 1/1 segments
2026-02-08 14:39:34 - dubsmart.processor.mixer - INFO - Mixed audio saved to: output/dubbed_bcc46541-0d0e-4af3-a66b-e470aa60719e_hi.wav
2026-02-08 14:44:00 - dubsmart.modules.transcription - INFO - Initializing Whisper model: small on cpu
2026-02-08 14:44:07 - dubsmart.modules.translation - INFO - Translator initialized with method: None
2026-02-08 14:44:07 - dubsmart.core.pipeline - INFO - Starting pipeline for temp/1b481248-2b41-4919-8661-6676e359778c\voice.wav
2026-02-08 14:44:07 - dubsmart.modules.transcription - INFO - Transcribing audio: temp/1b481248-2b41-4919-8661-6676e359778c\voice.wav
2026-02-08 14:44:14 - dubsmart.modules.transcription - INFO - Detected language: en
2026-02-08 14:44:14 - dubsmart.core.pipeline - INFO - Auto-detected source language as: en
2026-02-08 14:44:14 - dubsmart.modules.diarization - INFO - Diarizing audio: temp/1b481248-2b41-4919-8661-6676e359778c\voice.wav
2026-02-08 14:44:14 - dubsmart.modules.translation - INFO - Translating 1 segments from en to hi
2026-02-08 14:44:14 - dubsmart.modules.translation - INFO - Loading NLLB model: facebook/nllb-200-distilled-600M
2026-02-08 14:44:30 - dubsmart.modules.cloning - INFO - Loading Coqui XTTS-v2 model (Lazy Load)...
2026-02-08 14:45:04 - dubsmart.modules.cloning - ERROR - XTTS synthesis failed: TorchCodec is required for load_with_torchcodec. Please install torchcodec to use this function.. Switching to Smart EdgeTTS fallback.
2026-02-08 14:45:04 - dubsmart.modules.cloning - INFO - Using Smart EdgeTTS fallback for hi...
2026-02-08 14:45:04 - dubsmart.modules.cloning - INFO - Detected average pitch: 1155.71 Hz
2026-02-08 14:45:04 - dubsmart.modules.cloning - INFO - Matched input voice to gender: FEMALE
2026-02-08 14:45:04 - dubsmart.modules.cloning - INFO - Selected EdgeTTS Voice: hi-IN-SwaraNeural
2026-02-08 14:45:09 - dubsmart.core.pipeline - INFO - Synthesized 1/1 segments
2026-02-08 14:45:09 - dubsmart.processor.mixer - INFO - Mixed audio saved to: output/dubbed_1b481248-2b41-4919-8661-6676e359778c_hi.wav
2026-02-08 15:05:10 - dubsmart.modules.transcription - INFO - Initializing Whisper model: small on cpu
2026-02-08 15:05:18 - dubsmart.modules.translation - INFO - Translator initialized with method: None
2026-02-08 15:05:18 - dubsmart.core.pipeline - INFO - Starting pipeline for temp/ec93a8bd-b040-4496-b1eb-c74b49f2f0fe\voice.wav
2026-02-08 15:05:18 - dubsmart.modules.transcription - INFO - Transcribing audio: temp/ec93a8bd-b040-4496-b1eb-c74b49f2f0fe\voice.wav
2026-02-08 15:05:30 - dubsmart.modules.transcription - INFO - Detected language: en
2026-02-08 15:05:30 - dubsmart.core.pipeline - INFO - Auto-detected source language as: en
2026-02-08 15:05:30 - dubsmart.modules.diarization - INFO - Diarizing audio: temp/ec93a8bd-b040-4496-b1eb-c74b49f2f0fe\voice.wav
2026-02-08 15:05:30 - dubsmart.modules.translation - INFO - Translating 1 segments from en to hi
2026-02-08 15:05:30 - dubsmart.modules.translation - INFO - Loading NLLB model: facebook/nllb-200-distilled-600M
2026-02-08 15:06:22 - dubsmart.modules.cloning - INFO - Loading Coqui XTTS-v2 model (Lazy Load)...
2026-02-08 15:07:43 - dubsmart.core.pipeline - INFO - Synthesized 1/1 segments
2026-02-08 15:07:43 - dubsmart.processor.mixer - INFO - Mixed audio saved to: output/dubbed_ec93a8bd-b040-4496-b1eb-c74b49f2f0fe_hi.wav
2026-02-08 15:09:03 - dubsmart.modules.transcription - INFO - Initializing Whisper model: small on cpu
2026-02-08 15:09:08 - dubsmart.api.logic - ERROR - Job 32f968a0-3c67-43c0-ad58-fca52faf7608 failed: [Errno 22] Invalid argument
2026-02-08 15:10:20 - dubsmart.modules.transcription - INFO - Initializing Whisper model: small on cpu
2026-02-08 15:10:27 - dubsmart.modules.translation - INFO - Translator initialized with method: None
2026-02-08 15:10:27 - dubsmart.core.pipeline - INFO - Starting pipeline for temp/c1915182-e6f8-4bf7-8b52-03d4b79ade6b\voice.wav
2026-02-08 15:10:27 - dubsmart.modules.transcription - INFO - Transcribing audio: temp/c1915182-e6f8-4bf7-8b52-03d4b79ade6b\voice.wav
2026-02-08 15:10:38 - dubsmart.modules.transcription - INFO - Detected language: en
2026-02-08 15:10:38 - dubsmart.core.pipeline - INFO - Auto-detected source language as: en
2026-02-08 15:10:38 - dubsmart.modules.diarization - INFO - Diarizing audio: temp/c1915182-e6f8-4bf7-8b52-03d4b79ade6b\voice.wav
2026-02-08 15:10:38 - dubsmart.modules.translation - INFO - Translating 1 segments from en to hi
2026-02-08 15:10:38 - dubsmart.modules.translation - INFO - Loading NLLB model: facebook/nllb-200-distilled-600M
2026-02-08 15:11:30 - dubsmart.modules.cloning - INFO - Loading Coqui XTTS-v2 model (Lazy Load)...
2026-02-08 15:12:50 - dubsmart.core.pipeline - INFO - Synthesized 1/1 segments
2026-02-08 15:12:50 - dubsmart.processor.mixer - INFO - Mixed audio saved to: output/dubbed_c1915182-e6f8-4bf7-8b52-03d4b79ade6b_hi.wav
2026-02-08 15:16:54 - dubsmart.modules.transcription - INFO - Initializing Whisper model: small on cpu
2026-02-08 15:17:00 - dubsmart.modules.translation - INFO - Translator initialized with method: None
2026-02-08 15:17:00 - dubsmart.core.pipeline - INFO - Starting pipeline for temp/fb9df39e-dd9e-4dbf-a961-7c18d8897c5b\varshith eng.wav
2026-02-08 15:17:00 - dubsmart.modules.transcription - INFO - Transcribing audio: temp/fb9df39e-dd9e-4dbf-a961-7c18d8897c5b\varshith eng.wav
2026-02-08 15:17:13 - dubsmart.modules.transcription - INFO - Detected language: en
2026-02-08 15:17:13 - dubsmart.core.pipeline - INFO - Auto-detected source language as: en
2026-02-08 15:17:13 - dubsmart.modules.diarization - INFO - Diarizing audio: temp/fb9df39e-dd9e-4dbf-a961-7c18d8897c5b\varshith eng.wav
2026-02-08 15:17:13 - dubsmart.modules.translation - INFO - Translating 2 segments from en to hi
2026-02-08 15:17:13 - dubsmart.modules.translation - INFO - Loading NLLB model: facebook/nllb-200-distilled-600M
2026-02-08 15:17:54 - dubsmart.modules.cloning - INFO - Loading Coqui XTTS-v2 model (Lazy Load)...
2026-02-08 15:20:52 - dubsmart.core.pipeline - INFO - Synthesized 2/2 segments
2026-02-08 15:20:52 - dubsmart.processor.mixer - INFO - Mixed audio saved to: output/dubbed_fb9df39e-dd9e-4dbf-a961-7c18d8897c5b_hi.wav
